==> swift test --enable-code-coverage
Another instance of SwiftPM (PID: 39131) is already running using '/Users/arimendelow/Projects/ouro-native-apple-app-shell-worker-third-app/.build', waiting until that process has finished execution...[0/1] Planning build
Building for debugging...
[0/6] Write swift-version--58304C5D6DBC2206.txt
[2/14] Compiling OuroAppShellCore ShellBoundary.swift
[3/14] Compiling OuroAppShellCore ReleaseUpdatePolicy.swift
[4/14] Compiling OuroAppShellCore ReleaseVersionIdentity.swift
[5/14] Emitting module OuroAppShellCore
[6/14] Compiling OuroAppShellCore ReleaseAssetNamingPolicy.swift
[7/14] Compiling OuroAppShellCore AppUpdate.swift
[8/14] Compiling OuroAppShellCore AppIdentity.swift
[9/14] Compiling OuroAppShellCore ReleaseUpdate.swift
[10/23] Emitting module OuroAppShellUI
[11/23] Compiling OuroAppShellUI UpdateInstalledConfirmationView.swift
[12/23] Compiling OuroAppShellUI ReleaseUpdateViewState.swift
[13/23] Compiling OuroAppShellUI AppShellAboutModel.swift
[14/23] Compiling OuroAppShellUI AppShellAboutView.swift
[15/23] Compiling OuroAppShellUI ReleaseUpdateControls.swift
[16/23] Compiling OuroAppShellUI AppShellCommandReferenceView.swift
[17/23] Emitting module OuroAppShellContract
[18/23] Compiling OuroAppShellContract OuroAppShellContract.swift
[19/36] Emitting module OuroAppShellContractTests
[20/36] Emitting module OuroAppShellUISurfaceProbe
[21/36] Compiling OuroAppShellUITests AppShellAboutModelTests.swift
[22/36] Compiling OuroAppShellUITests UpdateInstalledConfirmationTests.swift
[23/36] Emitting module OuroAppShellConsumerTesting
[24/36] Compiling OuroAppShellConsumerTesting OuroAppShellContractAssertions.swift
[25/38] Compiling OuroAppShellContractTests OuroAppShellContractTests.swift
[26/38] Compiling OuroAppShellAppKit AppShellWindowPresenter.swift
[27/38] Emitting module OuroAppShellAppKit
[28/38] Emitting module OuroAppShellUITests
[29/38] Compiling OuroAppShellUITests AppShellCommandReferenceTests.swift
[30/38] Compiling OuroAppShellUITests ReleaseUpdateViewStateTests.swift
[31/47] Emitting module OuroAppShellConsumerTestingTests
[32/47] Compiling OuroAppShellConsumerTestingTests OuroAppShellContractAssertionsTests.swift
[33/47] Compiling OuroAppShellUISurfaceProbe main.swift
[33/47] Write Objects.LinkFileList
[35/47] Compiling OuroAppShellCoreTests ReleaseAssetNamingPolicyTests.swift
[36/47] Emitting module OuroAppShellCoreTests
[37/47] Compiling OuroAppShellCoreTests ReleaseUpdatePolicyTests.swift
[38/47] Compiling OuroAppShellCoreTests AppShellWindowSpecTests.swift
[39/47] Compiling OuroAppShellCoreTests ReleaseVersionIdentityTests.swift
[40/47] Compiling OuroAppShellCoreTests AppUpdateTests.swift
[41/47] Compiling OuroAppShellCoreTests ShellBoundaryTests.swift
[42/47] Compiling OuroAppShellCoreTests AppIdentityTests.swift
[43/47] Compiling OuroAppShellCoreTests ReleaseUpdateTests.swift
[44/49] Emitting module OuroAppShellPackageTests
[45/49] Compiling OuroAppShellPackageTests runner.swift
[45/49] Write Objects.LinkFileList
[46/49] Linking OuroAppShellUISurfaceProbe
[47/49] Applying OuroAppShellUISurfaceProbe
[48/49] Linking OuroAppShellPackageTests
Build complete! (7.28s)
Test Suite 'All tests' started at 2026-06-30 18:06:00.195.
Test Suite 'OuroAppShellPackageTests.xctest' started at 2026-06-30 18:06:00.196.
Test Suite 'AppIdentityTests' started at 2026-06-30 18:06:00.196.
Test Case '-[OuroAppShellCoreTests.AppIdentityTests testDefaultUserAgentFallsBackWhenAppNameHasNoTokenCharacters]' started.
Test Case '-[OuroAppShellCoreTests.AppIdentityTests testDefaultUserAgentFallsBackWhenAppNameHasNoTokenCharacters]' passed (0.002 seconds).
Test Case '-[OuroAppShellCoreTests.AppIdentityTests testDistributionChannelsExposeUserFacingDescriptors]' started.
Test Case '-[OuroAppShellCoreTests.AppIdentityTests testDistributionChannelsExposeUserFacingDescriptors]' passed (0.000 seconds).
Test Case '-[OuroAppShellCoreTests.AppIdentityTests testIdentityDefaultsDerivedURLsAndUserAgent]' started.
Test Case '-[OuroAppShellCoreTests.AppIdentityTests testIdentityDefaultsDerivedURLsAndUserAgent]' passed (0.000 seconds).
Test Case '-[OuroAppShellCoreTests.AppIdentityTests testIdentityPreservesExplicitFieldsAndCodableChannel]' started.
Test Case '-[OuroAppShellCoreTests.AppIdentityTests testIdentityPreservesExplicitFieldsAndCodableChannel]' passed (0.000 seconds).
Test Case '-[OuroAppShellCoreTests.AppIdentityTests testReleaseMetadataCarriesChannelHighlightsAndShellPin]' started.
Test Case '-[OuroAppShellCoreTests.AppIdentityTests testReleaseMetadataCarriesChannelHighlightsAndShellPin]' passed (0.000 seconds).
Test Suite 'AppIdentityTests' passed at 2026-06-30 18:06:00.201.
	 Executed 5 tests, with 0 failures (0 unexpected) in 0.003 (0.004) seconds
Test Suite 'AppShellAboutModelTests' started at 2026-06-30 18:06:00.201.
Test Case '-[OuroAppShellUITests.AppShellAboutModelTests testAboutModelDerivesIdentityBackedDefaults]' started.
Test Case '-[OuroAppShellUITests.AppShellAboutModelTests testAboutModelDerivesIdentityBackedDefaults]' passed (0.000 seconds).
Test Case '-[OuroAppShellUITests.AppShellAboutModelTests testAboutModelVersionLineUsesBuildWhenPresent]' started.
Test Case '-[OuroAppShellUITests.AppShellAboutModelTests testAboutModelVersionLineUsesBuildWhenPresent]' passed (0.000 seconds).
Test Case '-[OuroAppShellUITests.AppShellAboutModelTests testWhatsNewVisibility]' started.
Test Case '-[OuroAppShellUITests.AppShellAboutModelTests testWhatsNewVisibility]' passed (0.000 seconds).
Test Suite 'AppShellAboutModelTests' passed at 2026-06-30 18:06:00.202.
	 Executed 3 tests, with 0 failures (0 unexpected) in 0.001 (0.001) seconds
Test Suite 'AppShellCommandReferenceTests' started at 2026-06-30 18:06:00.202.
Test Case '-[OuroAppShellUITests.AppShellCommandReferenceTests testEmptyFilterAndSectionOrdering]' started.
Test Case '-[OuroAppShellUITests.AppShellCommandReferenceTests testEmptyFilterAndSectionOrdering]' passed (0.002 seconds).
Test Case '-[OuroAppShellUITests.AppShellCommandReferenceTests testFilterUsesTitleKeywordsAndShortcutSynonyms]' started.
Test Case '-[OuroAppShellUITests.AppShellCommandReferenceTests testFilterUsesTitleKeywordsAndShortcutSynonyms]' passed (0.001 seconds).
Test Case '-[OuroAppShellUITests.AppShellCommandReferenceTests testSpokenShortcut]' started.
Test Case '-[OuroAppShellUITests.AppShellCommandReferenceTests testSpokenShortcut]' passed (0.000 seconds).
Test Case '-[OuroAppShellUITests.AppShellCommandReferenceTests testViewKeepsConfigurationForApps]' started.
Test Case '-[OuroAppShellUITests.AppShellCommandReferenceTests testViewKeepsConfigurationForApps]' passed (0.001 seconds).
Test Suite 'AppShellCommandReferenceTests' passed at 2026-06-30 18:06:00.206.
	 Executed 4 tests, with 0 failures (0 unexpected) in 0.004 (0.004) seconds
Test Suite 'AppShellWindowSpecTests' started at 2026-06-30 18:06:00.206.
Test Case '-[OuroAppShellCoreTests.AppShellWindowSpecTests testPresenterClearsMinSizeWhenReusedSpecOmitsIt]' started.
Test Case '-[OuroAppShellCoreTests.AppShellWindowSpecTests testPresenterClearsMinSizeWhenReusedSpecOmitsIt]' passed (0.221 seconds).
Test Case '-[OuroAppShellCoreTests.AppShellWindowSpecTests testPresenterReusesWindowAndAppliesUpdatedSpec]' started.
Test Case '-[OuroAppShellCoreTests.AppShellWindowSpecTests testPresenterReusesWindowAndAppliesUpdatedSpec]' passed (0.032 seconds).
Test Case '-[OuroAppShellCoreTests.AppShellWindowSpecTests testWindowSpecDefaultsAndOverrides]' started.
Test Case '-[OuroAppShellCoreTests.AppShellWindowSpecTests testWindowSpecDefaultsAndOverrides]' passed (0.006 seconds).
Test Suite 'AppShellWindowSpecTests' passed at 2026-06-30 18:06:00.465.
	 Executed 3 tests, with 0 failures (0 unexpected) in 0.258 (0.259) seconds
Test Suite 'AppUpdateTests' started at 2026-06-30 18:06:00.465.
Test Case '-[OuroAppShellCoreTests.AppUpdateTests testAutoUpdatePolicy]' started.
Test Case '-[OuroAppShellCoreTests.AppUpdateTests testAutoUpdatePolicy]' passed (0.000 seconds).
Test Case '-[OuroAppShellCoreTests.AppUpdateTests testInstallCapabilityModesDescribeRuntimeSurface]' started.
Test Case '-[OuroAppShellCoreTests.AppUpdateTests testInstallCapabilityModesDescribeRuntimeSurface]' passed (0.000 seconds).
Test Case '-[OuroAppShellCoreTests.AppUpdateTests testManifestDecodesWithExtraReleaseFields]' started.
Test Case '-[OuroAppShellCoreTests.AppUpdateTests testManifestDecodesWithExtraReleaseFields]' passed (0.000 seconds).
Test Case '-[OuroAppShellCoreTests.AppUpdateTests testPlanFailureCasesAndDescriptions]' started.
Test Case '-[OuroAppShellCoreTests.AppUpdateTests testPlanFailureCasesAndDescriptions]' passed (0.000 seconds).
Test Case '-[OuroAppShellCoreTests.AppUpdateTests testPlanFiltersThroughSnapshotPolicy]' started.
Test Case '-[OuroAppShellCoreTests.AppUpdateTests testPlanFiltersThroughSnapshotPolicy]' passed (0.000 seconds).
Test Case '-[OuroAppShellCoreTests.AppUpdateTests testPlanPicksZipAndManifestAssets]' started.
Test Case '-[OuroAppShellCoreTests.AppUpdateTests testPlanPicksZipAndManifestAssets]' passed (0.000 seconds).
Test Case '-[OuroAppShellCoreTests.AppUpdateTests testPlanRejectsBadAndPlainHTTPURLsByDefaultButCanAllowHTTP]' started.
Test Case '-[OuroAppShellCoreTests.AppUpdateTests testPlanRejectsBadAndPlainHTTPURLsByDefaultButCanAllowHTTP]' passed (0.000 seconds).
Test Case '-[OuroAppShellCoreTests.AppUpdateTests testStagedUpdatePrimitivesCaptureSharedInstallState]' started.
Test Case '-[OuroAppShellCoreTests.AppUpdateTests testStagedUpdatePrimitivesCaptureSharedInstallState]' passed (0.000 seconds).
Test Case '-[OuroAppShellCoreTests.AppUpdateTests testVerifyFailureCasesAndDescriptions]' started.
Test Case '-[OuroAppShellCoreTests.AppUpdateTests testVerifyFailureCasesAndDescriptions]' passed (0.000 seconds).
Test Case '-[OuroAppShellCoreTests.AppUpdateTests testVerifyPassesForVersionAndBuildUpdates]' started.
Test Case '-[OuroAppShellCoreTests.AppUpdateTests testVerifyPassesForVersionAndBuildUpdates]' passed (0.000 seconds).
Test Case '-[OuroAppShellCoreTests.AppUpdateTests testWorkbenchFixturesArePlanCompatible]' started.
Test Case '-[OuroAppShellCoreTests.AppUpdateTests testWorkbenchFixturesArePlanCompatible]' passed (0.000 seconds).
Test Suite 'AppUpdateTests' passed at 2026-06-30 18:06:00.468.
	 Executed 11 tests, with 0 failures (0 unexpected) in 0.002 (0.003) seconds
Test Suite 'OuroAppShellContractAssertionsTests' started at 2026-06-30 18:06:00.468.
Test Case '-[OuroAppShellConsumerTestingTests.OuroAppShellContractAssertionsTests testAdapterLibraryFixtureUsesHelper]' started.
Test Case '-[OuroAppShellConsumerTestingTests.OuroAppShellContractAssertionsTests testAdapterLibraryFixtureUsesHelper]' passed (0.001 seconds).
Test Case '-[OuroAppShellConsumerTestingTests.OuroAppShellContractAssertionsTests testAssertCommandManifestMatchesReferenceSurfacesMissingManifest]' started.
XCTExpectFailure: matcher accepted Assertion Failure at OuroAppShellContractAssertionsTests.swift:87: XCTAssertNotNil failed - Missing command surface manifest.
OuroAppShellContractAssertionsTests.swift:87: Expected failure in -[OuroAppShellConsumerTestingTests.OuroAppShellContractAssertionsTests testAssertCommandManifestMatchesReferenceSurfacesMissingManifest]: XCTAssertNotNil failed - Missing command surface manifest.Reason: (missing command manifest should fail manifest/reference parity)
XCTExpectFailure: matcher accepted Assertion Failure at OuroAppShellContractAssertionsTests.swift:87: XCTAssertEqual failed: ("Optional(2)") is not equal to ("nil")
OuroAppShellContractAssertionsTests.swift:87: Expected failure in -[OuroAppShellConsumerTestingTests.OuroAppShellContractAssertionsTests testAssertCommandManifestMatchesReferenceSurfacesMissingManifest]: XCTAssertEqual failed: ("Optional(2)") is not equal to ("nil")Reason: (missing command manifest should fail manifest/reference parity)
Test Case '-[OuroAppShellConsumerTestingTests.OuroAppShellContractAssertionsTests testAssertCommandManifestMatchesReferenceSurfacesMissingManifest]' passed (0.107 seconds).
Test Case '-[OuroAppShellConsumerTestingTests.OuroAppShellContractAssertionsTests testAssertCommandManifestMatchesReferenceSurfacesMissingReference]' started.
XCTExpectFailure: matcher accepted Assertion Failure at OuroAppShellContractAssertionsTests.swift:78: XCTAssertNotNil failed - Missing command reference contract.
OuroAppShellContractAssertionsTests.swift:78: Expected failure in -[OuroAppShellConsumerTestingTests.OuroAppShellContractAssertionsTests testAssertCommandManifestMatchesReferenceSurfacesMissingReference]: XCTAssertNotNil failed - Missing command reference contract.Reason: (missing command reference should fail manifest/reference parity)
XCTExpectFailure: matcher accepted Assertion Failure at OuroAppShellContractAssertionsTests.swift:78: XCTAssertEqual failed: ("nil") is not equal to ("Optional(2)")
OuroAppShellContractAssertionsTests.swift:78: Expected failure in -[OuroAppShellConsumerTestingTests.OuroAppShellContractAssertionsTests testAssertCommandManifestMatchesReferenceSurfacesMissingReference]: XCTAssertEqual failed: ("nil") is not equal to ("Optional(2)")Reason: (missing command reference should fail manifest/reference parity)
XCTExpectFailure: matcher accepted Assertion Failure at OuroAppShellContractAssertionsTests.swift:78: XCTAssertEqual failed: ("nil") is not equal to ("Optional(["File", "Editing"])")
OuroAppShellContractAssertionsTests.swift:78: Expected failure in -[OuroAppShellConsumerTestingTests.OuroAppShellContractAssertionsTests testAssertCommandManifestMatchesReferenceSurfacesMissingReference]: XCTAssertEqual failed: ("nil") is not equal to ("Optional(["File", "Editing"])")Reason: (missing command reference should fail manifest/reference parity)
Test Case '-[OuroAppShellConsumerTestingTests.OuroAppShellContractAssertionsTests testAssertCommandManifestMatchesReferenceSurfacesMissingReference]' passed (0.001 seconds).
Test Case '-[OuroAppShellConsumerTestingTests.OuroAppShellContractAssertionsTests testAssertValidSurfacesConsumerContractFailures]' started.
XCTExpectFailure: matcher accepted Assertion Failure at OuroAppShellContractAssertionsTests.swift:69: XCTAssertTrue failed - emptyIdentityField: Identity fields must not be empty.
missingAbout(about): About requires an about contract.
OuroAppShellContractAssertionsTests.swift:69: Expected failure in -[OuroAppShellConsumerTestingTests.OuroAppShellContractAssertionsTests testAssertValidSurfacesConsumerContractFailures]: XCTAssertTrue failed - emptyIdentityField: Identity fields must not be empty.
missingAbout(about): About requires an about contract.Reason: (invalid consumer contracts should fail the assertion helper)
Test Case '-[OuroAppShellConsumerTestingTests.OuroAppShellContractAssertionsTests testAssertValidSurfacesConsumerContractFailures]' passed (0.000 seconds).
Test Case '-[OuroAppShellConsumerTestingTests.OuroAppShellContractAssertionsTests testExecutableLocalAdapterFixtureUsesHelper]' started.
Test Case '-[OuroAppShellConsumerTestingTests.OuroAppShellContractAssertionsTests testExecutableLocalAdapterFixtureUsesHelper]' passed (0.000 seconds).
Test Case '-[OuroAppShellConsumerTestingTests.OuroAppShellContractAssertionsTests testMessageFormatsIssuesForConsumerFailures]' started.
Test Case '-[OuroAppShellConsumerTestingTests.OuroAppShellContractAssertionsTests testMessageFormatsIssuesForConsumerFailures]' passed (0.000 seconds).
Test Suite 'OuroAppShellContractAssertionsTests' passed at 2026-06-30 18:06:00.577.
	 Executed 6 tests, with 0 failures (0 unexpected) in 0.109 (0.110) seconds
Test Suite 'OuroAppShellContractTests' started at 2026-06-30 18:06:00.578.
Test Case '-[OuroAppShellContractTests.OuroAppShellContractTests testContractIsCodable]' started.
Test Case '-[OuroAppShellContractTests.OuroAppShellContractTests testContractIsCodable]' passed (0.002 seconds).
Test Case '-[OuroAppShellContractTests.OuroAppShellContractTests testReleaseUpdateContractSupportsExplicitInstallCapabilityModes]' started.
Test Case '-[OuroAppShellContractTests.OuroAppShellContractTests testReleaseUpdateContractSupportsExplicitInstallCapabilityModes]' passed (0.000 seconds).
Test Case '-[OuroAppShellContractTests.OuroAppShellContractTests testSettingsContractDeclaresSharedSections]' started.
Test Case '-[OuroAppShellContractTests.OuroAppShellContractTests testSettingsContractDeclaresSharedSections]' passed (0.000 seconds).
Test Case '-[OuroAppShellContractTests.OuroAppShellContractTests testValidationRejectsAppOwnedAndDuplicateRequiredSurfaces]' started.
Test Case '-[OuroAppShellContractTests.OuroAppShellContractTests testValidationRejectsAppOwnedAndDuplicateRequiredSurfaces]' passed (0.000 seconds).
Test Case '-[OuroAppShellContractTests.OuroAppShellContractTests testValidationRejectsCommandManifestDrift]' started.
Test Case '-[OuroAppShellContractTests.OuroAppShellContractTests testValidationRejectsCommandManifestDrift]' passed (0.000 seconds).
Test Case '-[OuroAppShellContractTests.OuroAppShellContractTests testValidationRejectsInvalidOptionalDescriptors]' started.
Test Case '-[OuroAppShellContractTests.OuroAppShellContractTests testValidationRejectsInvalidOptionalDescriptors]' passed (0.000 seconds).
Test Case '-[OuroAppShellContractTests.OuroAppShellContractTests testValidationRejectsMalformedSettingsSectionsAndDiagnostics]' started.
Test Case '-[OuroAppShellContractTests.OuroAppShellContractTests testValidationRejectsMalformedSettingsSectionsAndDiagnostics]' passed (0.000 seconds).
Test Case '-[OuroAppShellContractTests.OuroAppShellContractTests testValidationRequiresDescriptorsForRequiredShellSurfaces]' started.
Test Case '-[OuroAppShellContractTests.OuroAppShellContractTests testValidationRequiresDescriptorsForRequiredShellSurfaces]' passed (0.000 seconds).
Test Case '-[OuroAppShellContractTests.OuroAppShellContractTests testValidContractDeclaresSharedShellSurfaces]' started.
Test Case '-[OuroAppShellContractTests.OuroAppShellContractTests testValidContractDeclaresSharedShellSurfaces]' passed (0.000 seconds).
Test Suite 'OuroAppShellContractTests' passed at 2026-06-30 18:06:00.581.
	 Executed 9 tests, with 0 failures (0 unexpected) in 0.003 (0.004) seconds
Test Suite 'ReleaseAssetNamingPolicyTests' started at 2026-06-30 18:06:00.581.
Test Case '-[OuroAppShellCoreTests.ReleaseAssetNamingPolicyTests testBuildMatchedPolicyMatchesVersionAndBuildAwareAssets]' started.
Test Case '-[OuroAppShellCoreTests.ReleaseAssetNamingPolicyTests testBuildMatchedPolicyMatchesVersionAndBuildAwareAssets]' passed (0.000 seconds).
Test Case '-[OuroAppShellCoreTests.ReleaseAssetNamingPolicyTests testLatestBuildExtractsHighestNumericBuildFromMatchingAssetsOnly]' started.
Test Case '-[OuroAppShellCoreTests.ReleaseAssetNamingPolicyTests testLatestBuildExtractsHighestNumericBuildFromMatchingAssetsOnly]' passed (0.000 seconds).
Test Case '-[OuroAppShellCoreTests.ReleaseAssetNamingPolicyTests testSimplePolicyAcceptsPlainArchivesAndManifests]' started.
Test Case '-[OuroAppShellCoreTests.ReleaseAssetNamingPolicyTests testSimplePolicyAcceptsPlainArchivesAndManifests]' passed (0.000 seconds).
Test Case '-[OuroAppShellCoreTests.ReleaseAssetNamingPolicyTests testVersionedPolicyCanMatchWithoutBuildMarker]' started.
Test Case '-[OuroAppShellCoreTests.ReleaseAssetNamingPolicyTests testVersionedPolicyCanMatchWithoutBuildMarker]' passed (0.000 seconds).
Test Suite 'ReleaseAssetNamingPolicyTests' passed at 2026-06-30 18:06:00.582.
	 Executed 4 tests, with 0 failures (0 unexpected) in 0.001 (0.001) seconds
Test Suite 'ReleaseUpdatePolicyTests' started at 2026-06-30 18:06:00.582.
Test Case '-[OuroAppShellCoreTests.ReleaseUpdatePolicyTests testBuildMatchedPrereleasePolicyPairsPrereleasesWithBuildAwareAssetNaming]' started.
Test Case '-[OuroAppShellCoreTests.ReleaseUpdatePolicyTests testBuildMatchedPrereleasePolicyPairsPrereleasesWithBuildAwareAssetNaming]' passed (0.000 seconds).
Test Case '-[OuroAppShellCoreTests.ReleaseUpdatePolicyTests testCustomPolicyKeepsBothKnobsExplicit]' started.
Test Case '-[OuroAppShellCoreTests.ReleaseUpdatePolicyTests testCustomPolicyKeepsBothKnobsExplicit]' passed (0.000 seconds).
Test Case '-[OuroAppShellCoreTests.ReleaseUpdatePolicyTests testStablePolicyCanCarryVersionedAssetNaming]' started.
Test Case '-[OuroAppShellCoreTests.ReleaseUpdatePolicyTests testStablePolicyCanCarryVersionedAssetNaming]' passed (0.000 seconds).
Test Case '-[OuroAppShellCoreTests.ReleaseUpdatePolicyTests testStablePolicyDefaultsToPlainAssetsAndSkipsPrereleases]' started.
Test Case '-[OuroAppShellCoreTests.ReleaseUpdatePolicyTests testStablePolicyDefaultsToPlainAssetsAndSkipsPrereleases]' passed (0.000 seconds).
Test Suite 'ReleaseUpdatePolicyTests' passed at 2026-06-30 18:06:00.583.
	 Executed 4 tests, with 0 failures (0 unexpected) in 0.000 (0.001) seconds
Test Suite 'ReleaseUpdateTests' started at 2026-06-30 18:06:00.583.
Test Case '-[OuroAppShellCoreTests.ReleaseUpdateTests testCheckReturnsSnapshotAndUnavailableOnLoaderFailure]' started.
Test Case '-[OuroAppShellCoreTests.ReleaseUpdateTests testCheckReturnsSnapshotAndUnavailableOnLoaderFailure]' passed (0.001 seconds).
Test Case '-[OuroAppShellCoreTests.ReleaseUpdateTests testConfigurationDerivesDefaultsAndRequestHeaders]' started.
Test Case '-[OuroAppShellCoreTests.ReleaseUpdateTests testConfigurationDerivesDefaultsAndRequestHeaders]' passed (0.000 seconds).
Test Case '-[OuroAppShellCoreTests.ReleaseUpdateTests testDefaultDataLoaderReturnsBodyAndThrowsOnBadResponses]' started.
Test Case '-[OuroAppShellCoreTests.ReleaseUpdateTests testDefaultDataLoaderReturnsBodyAndThrowsOnBadResponses]' passed (0.012 seconds).
Test Case '-[OuroAppShellCoreTests.ReleaseUpdateTests testMalformedReleaseJSONThrows]' started.
Test Case '-[OuroAppShellCoreTests.ReleaseUpdateTests testMalformedReleaseJSONThrows]' passed (0.000 seconds).
Test Case '-[OuroAppShellCoreTests.ReleaseUpdateTests testSnapshotKeepsFirstComparableReleaseWhenVersionAndBuildAreTied]' started.
Test Case '-[OuroAppShellCoreTests.ReleaseUpdateTests testSnapshotKeepsFirstComparableReleaseWhenVersionAndBuildAreTied]' passed (0.000 seconds).
Test Case '-[OuroAppShellCoreTests.ReleaseUpdateTests testSnapshotReportsCurrentUnavailableAndNoPublishedRelease]' started.
Test Case '-[OuroAppShellCoreTests.ReleaseUpdateTests testSnapshotReportsCurrentUnavailableAndNoPublishedRelease]' passed (0.000 seconds).
Test Case '-[OuroAppShellCoreTests.ReleaseUpdateTests testSnapshotReportsStableUpdateWithPublishedMetadataAndInstallableAssets]' started.
Test Case '-[OuroAppShellCoreTests.ReleaseUpdateTests testSnapshotReportsStableUpdateWithPublishedMetadataAndInstallableAssets]' passed (0.000 seconds).
Test Case '-[OuroAppShellCoreTests.ReleaseUpdateTests testSnapshotSelectsHighestComparableStableReleaseInsteadOfAPIOrder]' started.
Test Case '-[OuroAppShellCoreTests.ReleaseUpdateTests testSnapshotSelectsHighestComparableStableReleaseInsteadOfAPIOrder]' passed (0.000 seconds).
Test Case '-[OuroAppShellCoreTests.ReleaseUpdateTests testSnapshotSelectsStableSameCoreReleaseInsteadOfPrereleaseAPIOrder]' started.
Test Case '-[OuroAppShellCoreTests.ReleaseUpdateTests testSnapshotSelectsStableSameCoreReleaseInsteadOfPrereleaseAPIOrder]' passed (0.000 seconds).
Test Case '-[OuroAppShellCoreTests.ReleaseUpdateTests testSnapshotSkipsMalformedEligibleReleaseWhenComparableLaterReleaseExists]' started.
Test Case '-[OuroAppShellCoreTests.ReleaseUpdateTests testSnapshotSkipsMalformedEligibleReleaseWhenComparableLaterReleaseExists]' passed (0.000 seconds).
Test Case '-[OuroAppShellCoreTests.ReleaseUpdateTests testSnapshotSkipsPrereleasesByDefaultAndCanIncludeThem]' started.
Test Case '-[OuroAppShellCoreTests.ReleaseUpdateTests testSnapshotSkipsPrereleasesByDefaultAndCanIncludeThem]' passed (0.000 seconds).
Test Case '-[OuroAppShellCoreTests.ReleaseUpdateTests testSnapshotTreatsStableSameCoreReleaseAsNewerThanCurrentPrerelease]' started.
Test Case '-[OuroAppShellCoreTests.ReleaseUpdateTests testSnapshotTreatsStableSameCoreReleaseAsNewerThanCurrentPrerelease]' passed (0.000 seconds).
Test Case '-[OuroAppShellCoreTests.ReleaseUpdateTests testWorkbenchSnapshotPreservesBuildAwareSemantics]' started.
Test Case '-[OuroAppShellCoreTests.ReleaseUpdateTests testWorkbenchSnapshotPreservesBuildAwareSemantics]' passed (0.000 seconds).
Test Case '-[OuroAppShellCoreTests.ReleaseUpdateTests testWorkbenchSnapshotSelectsBestBuildAwareReleaseInsteadOfAPIOrder]' started.
Test Case '-[OuroAppShellCoreTests.ReleaseUpdateTests testWorkbenchSnapshotSelectsBestBuildAwareReleaseInsteadOfAPIOrder]' passed (0.000 seconds).
Test Suite 'ReleaseUpdateTests' passed at 2026-06-30 18:06:00.599.
	 Executed 14 tests, with 0 failures (0 unexpected) in 0.016 (0.017) seconds
Test Suite 'ReleaseUpdateViewStateTests' started at 2026-06-30 18:06:00.599.
Test Case '-[OuroAppShellUITests.ReleaseUpdateViewStateTests testActionLabelsCanBeCustomized]' started.
Test Case '-[OuroAppShellUITests.ReleaseUpdateViewStateTests testActionLabelsCanBeCustomized]' passed (0.000 seconds).
Test Case '-[OuroAppShellUITests.ReleaseUpdateViewStateTests testLifecyclePresentationDerivesChannelAwareCheckingAndInstallModes]' started.
Test Case '-[OuroAppShellUITests.ReleaseUpdateViewStateTests testLifecyclePresentationDerivesChannelAwareCheckingAndInstallModes]' passed (0.000 seconds).
Test Case '-[OuroAppShellUITests.ReleaseUpdateViewStateTests testLifecyclePresentationDerivesInstallingReadyInstalledAndFailedStates]' started.
Test Case '-[OuroAppShellUITests.ReleaseUpdateViewStateTests testLifecyclePresentationDerivesInstallingReadyInstalledAndFailedStates]' passed (0.000 seconds).
Test Case '-[OuroAppShellUITests.ReleaseUpdateViewStateTests testMetadataItemsCanUseExplicitIDsForDuplicateLabels]' started.
Test Case '-[OuroAppShellUITests.ReleaseUpdateViewStateTests testMetadataItemsCanUseExplicitIDsForDuplicateLabels]' passed (0.000 seconds).
Test Case '-[OuroAppShellUITests.ReleaseUpdateViewStateTests testNotCheckedFactoryAndMetadataIdentity]' started.
Test Case '-[OuroAppShellUITests.ReleaseUpdateViewStateTests testNotCheckedFactoryAndMetadataIdentity]' passed (0.000 seconds).
Test Case '-[OuroAppShellUITests.ReleaseUpdateViewStateTests testPresentationInputReviewAvailabilityHonorsChecking]' started.
Test Case '-[OuroAppShellUITests.ReleaseUpdateViewStateTests testPresentationInputReviewAvailabilityHonorsChecking]' passed (0.000 seconds).
Test Case '-[OuroAppShellUITests.ReleaseUpdateViewStateTests testPrimaryActionsAndDisplayDetailPreferWarnings]' started.
Test Case '-[OuroAppShellUITests.ReleaseUpdateViewStateTests testPrimaryActionsAndDisplayDetailPreferWarnings]' passed (0.000 seconds).
Test Case '-[OuroAppShellUITests.ReleaseUpdateViewStateTests testReadyToRelaunchUsesRelaunchActionCopy]' started.
Test Case '-[OuroAppShellUITests.ReleaseUpdateViewStateTests testReadyToRelaunchUsesRelaunchActionCopy]' passed (0.000 seconds).
Test Case '-[OuroAppShellUITests.ReleaseUpdateViewStateTests testStateKindsExposeLabelsTonesAndProgress]' started.
Test Case '-[OuroAppShellUITests.ReleaseUpdateViewStateTests testStateKindsExposeLabelsTonesAndProgress]' passed (0.000 seconds).
Test Case '-[OuroAppShellUITests.ReleaseUpdateViewStateTests testViewStateCanDeriveFromCurrentSnapshot]' started.
Test Case '-[OuroAppShellUITests.ReleaseUpdateViewStateTests testViewStateCanDeriveFromCurrentSnapshot]' passed (0.000 seconds).
Test Case '-[OuroAppShellUITests.ReleaseUpdateViewStateTests testViewStateCanDeriveInstallableUpdateFromSnapshotAndPlan]' started.
Test Case '-[OuroAppShellUITests.ReleaseUpdateViewStateTests testViewStateCanDeriveInstallableUpdateFromSnapshotAndPlan]' passed (0.000 seconds).
Test Case '-[OuroAppShellUITests.ReleaseUpdateViewStateTests testViewStateCanDeriveUnavailableSnapshot]' started.
Test Case '-[OuroAppShellUITests.ReleaseUpdateViewStateTests testViewStateCanDeriveUnavailableSnapshot]' passed (0.000 seconds).
Test Case '-[OuroAppShellUITests.ReleaseUpdateViewStateTests testViewStateDerivesUnavailableInstallDetailFromPlanFailure]' started.
Test Case '-[OuroAppShellUITests.ReleaseUpdateViewStateTests testViewStateDerivesUnavailableInstallDetailFromPlanFailure]' passed (0.000 seconds).
Test Suite 'ReleaseUpdateViewStateTests' passed at 2026-06-30 18:06:00.601.
	 Executed 13 tests, with 0 failures (0 unexpected) in 0.002 (0.002) seconds
Test Suite 'ReleaseVersionIdentityTests' started at 2026-06-30 18:06:00.601.
Test Case '-[OuroAppShellCoreTests.ReleaseVersionIdentityTests testReleaseVersionIdentityBuildComparison]' started.
Test Case '-[OuroAppShellCoreTests.ReleaseVersionIdentityTests testReleaseVersionIdentityBuildComparison]' passed (0.000 seconds).
Test Case '-[OuroAppShellCoreTests.ReleaseVersionIdentityTests testReleaseVersionIdentityLabelsAndVersionComparison]' started.
Test Case '-[OuroAppShellCoreTests.ReleaseVersionIdentityTests testReleaseVersionIdentityLabelsAndVersionComparison]' passed (0.000 seconds).
Test Case '-[OuroAppShellCoreTests.ReleaseVersionIdentityTests testSemanticVersionParsesAndComparesMajorMinorPatchAndPrereleasePrecedence]' started.
Test Case '-[OuroAppShellCoreTests.ReleaseVersionIdentityTests testSemanticVersionParsesAndComparesMajorMinorPatchAndPrereleasePrecedence]' passed (0.000 seconds).
Test Suite 'ReleaseVersionIdentityTests' passed at 2026-06-30 18:06:00.602.
	 Executed 3 tests, with 0 failures (0 unexpected) in 0.001 (0.001) seconds
Test Suite 'ShellBoundaryTests' started at 2026-06-30 18:06:00.602.
Test Case '-[OuroAppShellCoreTests.ShellBoundaryTests testBoundaryDecisionIsCodable]' started.
Test Case '-[OuroAppShellCoreTests.ShellBoundaryTests testBoundaryDecisionIsCodable]' passed (0.000 seconds).
Test Case '-[OuroAppShellCoreTests.ShellBoundaryTests testBoundaryOwnersClassifyAdaptersAndApps]' started.
Test Case '-[OuroAppShellCoreTests.ShellBoundaryTests testBoundaryOwnersClassifyAdaptersAndApps]' passed (0.000 seconds).
Test Case '-[OuroAppShellCoreTests.ShellBoundaryTests testBoundaryOwnersClassifySharedNativeSurfaces]' started.
Test Case '-[OuroAppShellCoreTests.ShellBoundaryTests testBoundaryOwnersClassifySharedNativeSurfaces]' passed (0.000 seconds).
Test Suite 'ShellBoundaryTests' passed at 2026-06-30 18:06:00.603.
	 Executed 3 tests, with 0 failures (0 unexpected) in 0.001 (0.001) seconds
Test Suite 'UpdateInstalledConfirmationTests' started at 2026-06-30 18:06:00.603.
Test Case '-[OuroAppShellUITests.UpdateInstalledConfirmationTests testDefaultAndCustomOpenAboutLabels]' started.
Test Case '-[OuroAppShellUITests.UpdateInstalledConfirmationTests testDefaultAndCustomOpenAboutLabels]' passed (0.000 seconds).
Test Suite 'UpdateInstalledConfirmationTests' passed at 2026-06-30 18:06:00.603.
	 Executed 1 test, with 0 failures (0 unexpected) in 0.000 (0.000) seconds
Test Suite 'OuroAppShellPackageTests.xctest' passed at 2026-06-30 18:06:00.603.
	 Executed 83 tests, with 0 failures (0 unexpected) in 0.401 (0.407) seconds
Test Suite 'All tests' passed at 2026-06-30 18:06:00.603.
	 Executed 83 tests, with 0 failures (0 unexpected) in 0.401 (0.409) seconds
◇ Test run started.
↳ Testing Library Version: 1902
↳ Target Platform: arm64e-apple-macos14.0
✔ Test run with 0 tests in 0 suites passed after 0.001 seconds.

OuroAppShellCore: 7/7 files at 100% line+region

OuroAppShellContract + ConsumerTesting: 2/2 files at 100% line+region

OuroAppShellUI contracts: 2/2 files at 100% line+region
OuroAppShellUI rendered views: guarded by scripts/ui-surface-probe.sh

PASS: OuroAppShellCore, contract kit, and OuroAppShellUI contracts are 100% line + region covered.
PASS: SwiftUI rendered views remain guarded by scripts/ui-surface-probe.sh.
