
Consumer contract: ouro-md
  repository: https://github.com/ourostack/ouro-md.git
  mode: pinned
  ref: 97681aa703d364abb090b1f42228d4e1ea34e8ce

==> git -C /var/folders/md/_fkq3wc92_z55cgtlrfrcfh40000gn/T/tmp.NPaCszwsKh/work/ouro-md init
    log: /var/folders/md/_fkq3wc92_z55cgtlrfrcfh40000gn/T/tmp.NPaCszwsKh/logs/ouro-md-1-git-C-var-folders-md-_fkq3wc92_z55cgtlrfrcfh40000gn-T-tmp.NPaCszwsKh-work-ouro-md-init.log
Initialized empty Git repository in /private/var/folders/md/_fkq3wc92_z55cgtlrfrcfh40000gn/T/tmp.NPaCszwsKh/work/ouro-md/.git/

==> git -C /var/folders/md/_fkq3wc92_z55cgtlrfrcfh40000gn/T/tmp.NPaCszwsKh/work/ouro-md remote add origin https://github.com/ourostack/ouro-md.git
    log: /var/folders/md/_fkq3wc92_z55cgtlrfrcfh40000gn/T/tmp.NPaCszwsKh/logs/ouro-md-2-git-C-var-folders-md-_fkq3wc92_z55cgtlrfrcfh40000gn-T-tmp.NPaCszwsKh-work-ouro-md-remote-add-origin-https-gith.log

==> git -C /var/folders/md/_fkq3wc92_z55cgtlrfrcfh40000gn/T/tmp.NPaCszwsKh/work/ouro-md fetch --depth 1 origin 97681aa703d364abb090b1f42228d4e1ea34e8ce
    log: /var/folders/md/_fkq3wc92_z55cgtlrfrcfh40000gn/T/tmp.NPaCszwsKh/logs/ouro-md-3-git-C-var-folders-md-_fkq3wc92_z55cgtlrfrcfh40000gn-T-tmp.NPaCszwsKh-work-ouro-md-fetch-depth-1-origin-97681aa.log
From https://github.com/ourostack/ouro-md
 * branch            97681aa703d364abb090b1f42228d4e1ea34e8ce -> FETCH_HEAD

==> git -C /var/folders/md/_fkq3wc92_z55cgtlrfrcfh40000gn/T/tmp.NPaCszwsKh/work/ouro-md checkout --detach FETCH_HEAD
    log: /var/folders/md/_fkq3wc92_z55cgtlrfrcfh40000gn/T/tmp.NPaCszwsKh/logs/ouro-md-4-git-C-var-folders-md-_fkq3wc92_z55cgtlrfrcfh40000gn-T-tmp.NPaCszwsKh-work-ouro-md-checkout-detach-FETCH_HEAD.log
HEAD is now at 97681aa Add release API fallback to release policy

==> git -C /var/folders/md/_fkq3wc92_z55cgtlrfrcfh40000gn/T/tmp.NPaCszwsKh/work/ouro-md reset --hard FETCH_HEAD
    log: /var/folders/md/_fkq3wc92_z55cgtlrfrcfh40000gn/T/tmp.NPaCszwsKh/logs/ouro-md-5-git-C-var-folders-md-_fkq3wc92_z55cgtlrfrcfh40000gn-T-tmp.NPaCszwsKh-work-ouro-md-reset-hard-FETCH_HEAD.log
HEAD is now at 97681aa Add release API fallback to release policy

==> git -C /var/folders/md/_fkq3wc92_z55cgtlrfrcfh40000gn/T/tmp.NPaCszwsKh/work/ouro-md clean -fdx
    log: /var/folders/md/_fkq3wc92_z55cgtlrfrcfh40000gn/T/tmp.NPaCszwsKh/logs/ouro-md-6-git-C-var-folders-md-_fkq3wc92_z55cgtlrfrcfh40000gn-T-tmp.NPaCszwsKh-work-ouro-md-clean-fdx.log
  resolved: 97681aa703d364abb090b1f42228d4e1ea34e8ce

==> swift package --package-path /var/folders/md/_fkq3wc92_z55cgtlrfrcfh40000gn/T/tmp.NPaCszwsKh/work/ouro-md resolve
    log: /var/folders/md/_fkq3wc92_z55cgtlrfrcfh40000gn/T/tmp.NPaCszwsKh/logs/ouro-md-7-swift-package-package-path-var-folders-md-_fkq3wc92_z55cgtlrfrcfh40000gn-T-tmp.NPaCszwsKh-work-ouro-md-resolve.log
Fetching https://github.com/apple/swift-markdown.git from cache
Fetched https://github.com/apple/swift-markdown.git from cache (0.41s)
Fetching https://github.com/swiftlang/swift-cmark.git from cache
Fetched https://github.com/swiftlang/swift-cmark.git from cache (0.44s)
Fetching https://github.com/ourostack/ouro-native-apple-app-shell.git from cache
Creating working copy for https://github.com/apple/swift-markdown.git
Fetched https://github.com/ourostack/ouro-native-apple-app-shell.git from cache (0.51s)
Working copy of https://github.com/apple/swift-markdown.git resolved at main (4661b55)
Creating working copy for https://github.com/swiftlang/swift-cmark.git
Working copy of https://github.com/swiftlang/swift-cmark.git resolved at gfm (0101bf2)

==> bash -c swift package --package-path "$1" show-dependencies | grep -Fq "$2" _ /var/folders/md/_fkq3wc92_z55cgtlrfrcfh40000gn/T/tmp.NPaCszwsKh/work/ouro-md /Users/arimendelow/Projects/ouro-native-apple-app-shell-worker-third-app
    log: /var/folders/md/_fkq3wc92_z55cgtlrfrcfh40000gn/T/tmp.NPaCszwsKh/logs/ouro-md-8-bash-c-swift-package-package-path-1-show-dependencies-grep-Fq-2-_-var-folders-md-_fkq3wc92_z55cgtlrfrcfh40000g.log

==> /Users/arimendelow/Projects/ouro-native-apple-app-shell-worker-third-app/scripts/shell-doctor.sh --repo /var/folders/md/_fkq3wc92_z55cgtlrfrcfh40000gn/T/tmp.NPaCszwsKh/work/ouro-md --consumer ouro-md
    log: /var/folders/md/_fkq3wc92_z55cgtlrfrcfh40000gn/T/tmp.NPaCszwsKh/logs/ouro-md-9-Users-arimendelow-Projects-ouro-native-apple-app-shell-worker-third-app-scripts-shell-doctor.sh-repo-var-folde.log
Shell doctor static checks ok: ouro-md (/private/var/folders/md/_fkq3wc92_z55cgtlrfrcfh40000gn/T/tmp.NPaCszwsKh/work/ouro-md)
  ok: Package.swift declares ouro-native-apple-app-shell dependency
  ok: Package.swift exposes OuroAppShellContract to a target
  ok: Package.swift exposes OuroAppShellConsumerTesting to a target
  ok: Sources declare a typed OuroAppShellContract
  ok: contract source includes requiredSurfaces
  ok: contract source includes OuroAppShellReleaseUpdateContract
  ok: contract source includes OuroAppShellAboutContract
  ok: contract source includes OuroAppShellCommandReferenceContract
  ok: contract source includes utilityWindows:
  ok: contract source includes OuroAppShellSettingsContract
  ok: Tests import OuroAppShellConsumerTesting
  ok: Tests assert the shell contract is valid
  ok: Tests assert the shell-first surface list
  ok: scripts/check-shell-boundary.sh is executable
  ok: boundary wrapper delegates to the shell scanner with --repo
  ok: scripts/check-shell-boundary.sh uses fail-fast shell mode
  ok: scripts/check-shell-dependency.sh is executable
  ok: scripts/pr-preflight.sh is executable
  ok: scripts/pr-preflight.sh uses fail-fast shell mode
  ok: scripts/pr-preflight.sh includes shell dependency freshness
  ok: scripts/pr-preflight.sh includes shell boundary selftest
  ok: scripts/pr-preflight.sh includes shell boundary scan
  note: Package.resolved pin check skipped for local path override
  note: control deck check skipped; run --strict-adoption for new-app scaffold validation
Shell boundary wrapper selftest ok: /var/folders/md/_fkq3wc92_z55cgtlrfrcfh40000gn/T/tmp.NPaCszwsKh/work/ouro-md
Shell boundary wrapper scan ok: /var/folders/md/_fkq3wc92_z55cgtlrfrcfh40000gn/T/tmp.NPaCszwsKh/work/ouro-md
Typed shell boundary scan ok: /private/var/folders/md/_fkq3wc92_z55cgtlrfrcfh40000gn/T/tmp.NPaCszwsKh/work/ouro-md
Shell boundary scan ok: /var/folders/md/_fkq3wc92_z55cgtlrfrcfh40000gn/T/tmp.NPaCszwsKh/work/ouro-md
Shell doctor ok: ouro-md (/var/folders/md/_fkq3wc92_z55cgtlrfrcfh40000gn/T/tmp.NPaCszwsKh/work/ouro-md)

==> env HOME=/var/folders/md/_fkq3wc92_z55cgtlrfrcfh40000gn/T/tmp.NPaCszwsKh/work/_env/ouro-md-home CFFIXED_USER_HOME=/var/folders/md/_fkq3wc92_z55cgtlrfrcfh40000gn/T/tmp.NPaCszwsKh/work/_env/ouro-md-home TMPDIR=/var/folders/md/_fkq3wc92_z55cgtlrfrcfh40000gn/T/tmp.NPaCszwsKh/work/_env/ouro-md-tmp/ bash -lc swift build --package-path /var/folders/md/_fkq3wc92_z55cgtlrfrcfh40000gn/T/tmp.NPaCszwsKh/work/ouro-md
    log: /var/folders/md/_fkq3wc92_z55cgtlrfrcfh40000gn/T/tmp.NPaCszwsKh/logs/ouro-md-10-env-HOME=-var-folders-md-_fkq3wc92_z55cgtlrfrcfh40000gn-T-tmp.NPaCszwsKh-work-_env-ouro-md-home-CFFIXED_USER_.log
Building for debugging...
[0/48] Write sources
[5/48] Write ouro-md-entitlement.plist
[5/48] Write sources
[8/48] Write swift-version--58304C5D6DBC2206.txt
[9/48] Copying web
[10/52] Compiling cmark-gfm-extensions ext_scanners.c
[11/52] Compiling cmark-gfm arena.c
[12/52] Compiling cmark-gfm-extensions tasklist.c
[13/52] Compiling cmark-gfm xml.c
[14/52] Compiling cmark-gfm blocks.c
[14/52] Compiling cmark-gfm-extensions table.c
[14/52] Compiling cmark-gfm-extensions core-extensions.c
[17/52] Compiling cmark-gfm-extensions strikethrough.c
[18/55] Compiling cmark-gfm syntax_extension.c
[19/60] Compiling cmark-gfm registry.c
[20/60] Compiling cmark-gfm render.c
[20/60] Compiling cmark-gfm-extensions tagfilter.c
[22/60] Compiling cmark-gfm utf8.c
[23/60] Compiling cmark-gfm plugin.c
[24/60] Compiling cmark-gfm references.c
[25/60] Compiling cmark-gfm plaintext.c
[26/60] Compiling cmark-gfm map.c
[27/60] Compiling cmark-gfm linked_list.c
[28/60] Compiling cmark-gfm node.c
[29/60] Compiling cmark-gfm man.c
[30/60] Compiling cmark-gfm latex.c
[31/60] Compiling cmark-gfm iterator.c
[32/60] Compiling cmark-gfm houdini_html_e.c
[33/60] Compiling cmark-gfm houdini_html_u.c
[34/60] Compiling cmark-gfm html.c
[35/60] Compiling cmark-gfm footnotes.c
[36/60] Compiling cmark-gfm houdini_href_e.c
[37/60] Compiling cmark-gfm scanners.c
[38/60] Compiling cmark-gfm inlines.c
[39/60] Compiling cmark-gfm cmark_ctype.c
[40/60] Compiling cmark-gfm cmark.c
[41/60] Compiling cmark-gfm commonmark.c
[42/60] Compiling CAtomic CAtomic.c
[43/60] Compiling cmark-gfm buffer.c
[44/60] Compiling cmark-gfm-extensions autolink.c
[46/124] Emitting module Markdown
[47/131] Compiling OuroAppShellCore ShellBoundary.swift
[48/131] Compiling Markdown CodeBlock.swift
[49/131] Compiling Markdown HTMLBlock.swift
[50/131] Compiling Markdown Heading.swift
[51/131] Compiling Markdown ThematicBreak.swift
[52/131] Compiling Markdown Table.swift
[53/131] Compiling Markdown TableBody.swift
[54/131] Compiling Markdown TableCell.swift
[55/131] Compiling OuroAppShellCore ReleaseUpdatePolicy.swift
[56/131] Compiling Markdown LazySplitLines.swift
[57/131] Compiling Markdown ParseOptions.swift
[58/131] Compiling Markdown RangeAdjuster.swift
[59/131] Compiling Markdown RangerTracker.swift
[60/131] Compiling Markdown MarkupRewriter.swift
[61/131] Compiling Markdown BasicBlockContainer.swift
[62/131] Compiling Markdown BasicInlineContainer.swift
[63/131] Compiling Markdown PlainTextConvertibleMarkup.swift
[64/131] Compiling Markdown RawMarkup.swift
[65/131] Compiling Markdown BlockDirective.swift
[66/131] Compiling Markdown BlockQuote.swift
[67/131] Compiling Markdown CustomBlock.swift
[68/131] Compiling Markdown DoxygenAbstract.swift
[69/131] Compiling Markdown DoxygenDiscussion.swift
[70/131] Compiling Markdown DoxygenNote.swift
[71/131] Compiling Markdown DoxygenParameter.swift
[72/131] Compiling Markdown DoxygenReturns.swift
[73/131] Compiling Markdown ListItem.swift
[74/131] Compiling Markdown OrderedList.swift
[75/131] Compiling Markdown UnorderedList.swift
[76/131] Compiling Markdown Paragraph.swift
[77/131] Compiling Markdown BlockContainer.swift
[78/131] Compiling Markdown BlockMarkup.swift
[79/131] Compiling Markdown InlineContainer.swift
[80/131] Compiling Markdown InlineMarkup.swift
[81/131] Compiling Markdown ListItemContainer.swift
[82/131] Compiling Markdown AtomicCounter.swift
[83/131] Compiling Markdown CharacterExtensions.swift
[84/131] Compiling Markdown TableCellContainer.swift
[85/131] Compiling Markdown TableHead.swift
[86/131] Compiling Markdown TableRow.swift
[87/131] Compiling Markdown Replacement.swift
[88/131] Compiling Markdown SourceLocation.swift
[89/131] Compiling Markdown Emphasis.swift
[90/131] Compiling Markdown Image.swift
[91/131] Compiling OuroAppShellCore ReleaseAssetNamingPolicy.swift
[92/131] Compiling OuroAppShellCore ReleaseVersionIdentity.swift
[93/131] Compiling OuroAppShellCore AppUpdate.swift
[94/131] Compiling OuroMDCore MarkdownTidy.swift
[95/131] Compiling OuroMDCore HTMLDocument.swift
[96/131] Emitting module OuroMDCore
[97/131] Compiling OuroMDCore OuroMDRelease.swift
[98/131] Emitting module OuroAppShellCore
[99/131] Compiling OuroAppShellCore AppIdentity.swift
[100/131] Compiling OuroAppShellCore ReleaseUpdate.swift
[101/131] Compiling Markdown InlineAttributes.swift
[102/131] Compiling Markdown Link.swift
[103/131] Compiling Markdown Strikethrough.swift
[104/131] Compiling Markdown Strong.swift
[105/131] Compiling Markdown CustomInline.swift
[106/131] Compiling Markdown InlineCode.swift
[107/131] Compiling Markdown InlineHTML.swift
[108/131] Compiling Markdown ChildIndexPath.swift
[109/131] Compiling Markdown DirectiveArgument.swift
[110/131] Compiling Markdown Document.swift
[111/131] Compiling Markdown LiteralMarkup.swift
[112/131] Compiling Markdown Markup.swift
[113/131] Compiling Markdown MarkupChildren.swift
[114/131] Compiling Markdown MarkupData.swift
[115/131] Compiling Markdown LineBreak.swift
[116/131] Compiling Markdown SoftBreak.swift
[117/131] Compiling Markdown SymbolLink.swift
[118/131] Compiling Markdown Text.swift
[119/131] Compiling Markdown Aside.swift
[120/131] Compiling Markdown BlockDirectiveParser.swift
[121/131] Compiling Markdown CommonMarkConverter.swift
[122/131] Compiling Markdown CollectionExtensions.swift
[123/131] Compiling Markdown StringExtensions.swift
[124/131] Compiling Markdown MarkupVisitor.swift
[125/131] Compiling Markdown MarkupWalker.swift
[126/131] Compiling Markdown HTMLFormatter.swift
[127/131] Compiling Markdown MarkupFormatter.swift
[128/131] Compiling Markdown MarkupTreeDumper.swift
[129/140] Compiling OuroAppShellContract OuroAppShellContract.swift
[130/140] Emitting module OuroAppShellContract
[131/140] Compiling OuroAppShellUI AppShellAboutModel.swift
[132/140] Compiling OuroAppShellUI ReleaseUpdateViewState.swift
[133/140] Emitting module OuroAppShellUI
[134/140] Compiling OuroAppShellUI UpdateInstalledConfirmationView.swift
[135/140] Compiling OuroAppShellUI AppShellAboutView.swift
[136/140] Compiling OuroAppShellUI ReleaseUpdateControls.swift
[137/140] Compiling OuroAppShellUI AppShellCommandReferenceView.swift
[138/142] Compiling OuroAppShellAppKit AppShellWindowPresenter.swift
[139/142] Emitting module OuroAppShellAppKit
[140/192] Compiling OuroMD FolderDisplay.swift
[141/192] Compiling OuroMD HeadlessHarness.swift
[142/192] Compiling OuroMD LinkTest.swift
[143/192] Compiling OuroMD LiveUpdateTest.swift
[144/192] Compiling OuroMD MarkdownParityTest.swift
[145/192] Compiling OuroMD MarkdownRenderer.swift
[146/197] Compiling OuroMD MenuBuilder.swift
[147/197] Compiling OuroMD MermaidClipTest.swift
[148/197] Compiling OuroMD OuroMDShellAdapter.swift
[149/197] Compiling OuroMD OuroMDShellContract.swift
[150/197] Compiling OuroMD OuroMDTelemetry.swift
[151/197] Emitting module OuroMD
[152/197] Compiling OuroMD EditorSurfaceTest.swift
[153/197] Compiling OuroMD EditorWebView.swift
[154/197] Compiling OuroMD Export.swift
[155/197] Compiling OuroMD FileWatcher.swift
[156/197] Compiling OuroMD FirstLaunchTest.swift
[157/197] Compiling OuroMD FolderBrowser.swift
[158/197] Compiling OuroMD Welcome.swift
[159/197] Compiling OuroMD WrapGlueProbe.swift
[160/197] Compiling OuroMD WrapTest.swift
[161/197] Compiling OuroMD main.swift
[162/197] Compiling OuroMD resource_bundle_accessor.swift
[163/197] Compiling OuroMD ReleaseUpdate.swift
[164/197] Compiling OuroMD ReloadRenderTest.swift
[165/197] Compiling OuroMD RenderProbe.swift
[166/197] Compiling OuroMD RoundTrip.swift
[167/197] Compiling OuroMD SearchRevealTest.swift
[168/197] Compiling OuroMD SelectionBlurTest.swift
[169/197] Compiling OuroMD Sidebar.swift
[170/197] Compiling OuroMD Snapshot.swift
[171/197] Compiling OuroMD TableWrapTest.swift
[172/197] Compiling OuroMD TerminationSaveCoordinator.swift
[173/197] Compiling OuroMD Themes.swift
[174/197] Compiling OuroMD UISurfaceTest.swift
[175/197] Compiling OuroMD UndoRedoCommandRouter.swift
[176/197] Compiling OuroMD UndoTest.swift
[177/197] Compiling OuroMD VisualQATest.swift
[178/197] Compiling OuroMD OuroMDUpdate.swift
[179/197] Compiling OuroMD OuroMDUpdateCoordinator.swift
[180/197] Compiling OuroMD OuroMDUpdateInstaller.swift
[181/197] Compiling OuroMD OuroResources.swift
[182/197] Compiling OuroMD PerformanceProbe.swift
[183/197] Compiling OuroMD CodeWrapTest.swift
[184/197] Compiling OuroMD ContentSearcher.swift
[185/197] Compiling OuroMD ContentView.swift
[186/197] Compiling OuroMD CopyFlavorTest.swift
[187/197] Compiling OuroMD DarkDiagramTest.swift
[188/197] Compiling OuroMD DocumentWindowController.swift
[189/197] Compiling OuroMD AccessibilityAuditTest.swift
[190/197] Compiling OuroMD AlertMarkerTest.swift
[191/197] Compiling OuroMD AppDelegate.swift
[192/197] Compiling OuroMD AppInfoView.swift
[193/197] Compiling OuroMD AppModel.swift
[194/197] Compiling OuroMD CLI.swift
[194/197] Write Objects.LinkFileList
[195/197] Linking ouro-md
[196/197] Applying ouro-md
Build complete! (83.00s)

==> env HOME=/var/folders/md/_fkq3wc92_z55cgtlrfrcfh40000gn/T/tmp.NPaCszwsKh/work/_env/ouro-md-home CFFIXED_USER_HOME=/var/folders/md/_fkq3wc92_z55cgtlrfrcfh40000gn/T/tmp.NPaCszwsKh/work/_env/ouro-md-home TMPDIR=/var/folders/md/_fkq3wc92_z55cgtlrfrcfh40000gn/T/tmp.NPaCszwsKh/work/_env/ouro-md-tmp/ bash -lc swift test --package-path /var/folders/md/_fkq3wc92_z55cgtlrfrcfh40000gn/T/tmp.NPaCszwsKh/work/ouro-md
    log: /var/folders/md/_fkq3wc92_z55cgtlrfrcfh40000gn/T/tmp.NPaCszwsKh/logs/ouro-md-11-env-HOME=-var-folders-md-_fkq3wc92_z55cgtlrfrcfh40000gn-T-tmp.NPaCszwsKh-work-_env-ouro-md-home-CFFIXED_USER_.log
[0/1] Planning build
Building for debugging...
[0/6] Write sources
[0/6] /private/var/folders/md/_fkq3wc92_z55cgtlrfrcfh40000gn/T/tmp.NPaCszwsKh/work/ouro-md/.build/arm64-apple-macosx/debug/ouro-mdPackageTests.derived/runner.swift
[2/9] Write sources
[4/9] Write swift-version--58304C5D6DBC2206.txt
[6/9] Emitting module OuroAppShellConsumerTesting
[7/9] Compiling OuroAppShellConsumerTesting OuroAppShellContractAssertions.swift
[8/33] Emitting module OuroMDTests
[9/35] Compiling OuroMDTests TableLayoutPolicyTests.swift
[10/35] Compiling OuroMDTests TerminationSaveCoordinatorTests.swift
[11/35] Compiling OuroMDTests OutlineTreeTests.swift
[12/35] Compiling OuroMDTests ReleaseUpdateTests.swift
[13/35] Compiling OuroMDTests FolderBrowserTests.swift
[14/35] Compiling OuroMDTests FolderDisplayTests.swift
[15/35] Compiling OuroMDTests HTMLDocumentTests.swift
[16/35] Compiling OuroMDTests AppDelegateLaunchTests.swift
[17/35] Compiling OuroMDTests AppDelegateWindowRoutingTests.swift
[18/35] Compiling OuroMDTests AppModelDeletionTests.swift
[19/35] Compiling OuroMDTests DocumentWindowControllerTests.swift
[20/35] Compiling OuroMDTests EditorWebViewTests.swift
[21/35] Compiling OuroMDTests FileWatcherTests.swift
[22/35] Compiling OuroMDTests OuroMDUpdateInstallerTests.swift
[23/35] Compiling OuroMDTests OuroMDUpdateTests.swift
[24/35] Compiling OuroMDTests AppModelReloadTests.swift
[25/35] Compiling OuroMDTests CommandPaletteTests.swift
[26/35] Compiling OuroMDTests ContentSearcherTests.swift
[27/35] Compiling OuroMDTests ThemeAccessibilityTests.swift
[28/35] Compiling OuroMDTests UndoRedoRoutingTests.swift
[29/35] Compiling OuroMDTests MarkdownRendererTests.swift
[30/35] Compiling OuroMDTests MarkdownTidyTests.swift
[31/35] Compiling OuroMDTests OuroMDShellContractTests.swift
[32/35] Compiling OuroMDTests OuroMDTelemetryTests.swift
[33/35] Compiling OuroMDTests OuroMDUpdateCoordinatorTests.swift
[34/37] Compiling ouro_mdPackageTests runner.swift
[35/37] Emitting module ouro_mdPackageTests
[35/37] Write Objects.LinkFileList
[36/37] Linking ouro-mdPackageTests
Build complete! (14.27s)
Test Suite 'All tests' started at 2026-06-30 18:10:40.406.
Test Suite 'ouro-mdPackageTests.xctest' started at 2026-06-30 18:10:40.407.
Test Suite 'AppDelegateLaunchTests' started at 2026-06-30 18:10:40.407.
Test Case '-[OuroMDTests.AppDelegateLaunchTests testOpensNewDocumentWhenNothingToRestore]' started.
Test Case '-[OuroMDTests.AppDelegateLaunchTests testOpensNewDocumentWhenNothingToRestore]' passed (0.002 seconds).
Test Case '-[OuroMDTests.AppDelegateLaunchTests testRestoresSessionWhenOneExistsAndNoDocumentOpened]' started.
Test Case '-[OuroMDTests.AppDelegateLaunchTests testRestoresSessionWhenOneExistsAndNoDocumentOpened]' passed (0.000 seconds).
Test Case '-[OuroMDTests.AppDelegateLaunchTests testSkipsFallbackWhenADocumentAlreadyOpened]' started.
Test Case '-[OuroMDTests.AppDelegateLaunchTests testSkipsFallbackWhenADocumentAlreadyOpened]' passed (0.000 seconds).
Test Suite 'AppDelegateLaunchTests' passed at 2026-06-30 18:10:40.409.
	 Executed 3 tests, with 0 failures (0 unexpected) in 0.002 (0.002) seconds
Test Suite 'AppDelegateWindowRoutingTests' started at 2026-06-30 18:10:40.409.
Test Case '-[OuroMDTests.AppDelegateWindowRoutingTests testApplicationOpenReusesCleanUntitledFrontWindowThenOpensNewWindows]' started.
Test Case '-[OuroMDTests.AppDelegateWindowRoutingTests testApplicationOpenReusesCleanUntitledFrontWindowThenOpensNewWindows]' passed (0.858 seconds).
Test Case '-[OuroMDTests.AppDelegateWindowRoutingTests testSaveAndRenameCommandsTargetKeyWindowOnly]' started.
Test Case '-[OuroMDTests.AppDelegateWindowRoutingTests testSaveAndRenameCommandsTargetKeyWindowOnly]' passed (0.450 seconds).
Test Case '-[OuroMDTests.AppDelegateWindowRoutingTests testSidebarAndThemeCommandsTargetKeyWindowOnly]' started.
Test Case '-[OuroMDTests.AppDelegateWindowRoutingTests testSidebarAndThemeCommandsTargetKeyWindowOnly]' passed (0.256 seconds).
Test Suite 'AppDelegateWindowRoutingTests' passed at 2026-06-30 18:10:41.973.
	 Executed 3 tests, with 0 failures (0 unexpected) in 1.564 (1.564) seconds
Test Suite 'AppModelDeletionTests' started at 2026-06-30 18:10:41.973.
Test Case '-[OuroMDTests.AppModelDeletionTests testDeletedFileSurfacesAsDeletedNotAsUnsavedEdit]' started.
Test Case '-[OuroMDTests.AppModelDeletionTests testDeletedFileSurfacesAsDeletedNotAsUnsavedEdit]' passed (0.844 seconds).
Test Case '-[OuroMDTests.AppModelDeletionTests testRecreatedFileClearsDeletedMarker]' started.
Test Case '-[OuroMDTests.AppModelDeletionTests testRecreatedFileClearsDeletedMarker]' passed (1.292 seconds).
Test Case '-[OuroMDTests.AppModelDeletionTests testTransientAtomicSaveGapIsNotFlaggedAsDeleted]' started.
Test Case '-[OuroMDTests.AppModelDeletionTests testTransientAtomicSaveGapIsNotFlaggedAsDeleted]' passed (1.511 seconds).
Test Suite 'AppModelDeletionTests' passed at 2026-06-30 18:10:45.620.
	 Executed 3 tests, with 0 failures (0 unexpected) in 3.647 (3.647) seconds
Test Suite 'AppModelReloadTests' started at 2026-06-30 18:10:45.620.
Test Case '-[OuroMDTests.AppModelReloadTests testAppearanceSelectionRemembersLightThemeAcrossModelRecreation]' started.
Test Case '-[OuroMDTests.AppModelReloadTests testAppearanceSelectionRemembersLightThemeAcrossModelRecreation]' passed (0.003 seconds).
Test Case '-[OuroMDTests.AppModelReloadTests testCleanPerformSaveCompletesWithoutRoundTripThroughEditor]' started.
Test Case '-[OuroMDTests.AppModelReloadTests testCleanPerformSaveCompletesWithoutRoundTripThroughEditor]' passed (0.002 seconds).
Test Case '-[OuroMDTests.AppModelReloadTests testCleanSaveDoesNotRoundTripThroughEditor]' started.
Test Case '-[OuroMDTests.AppModelReloadTests testCleanSaveDoesNotRoundTripThroughEditor]' passed (0.005 seconds).
Test Case '-[OuroMDTests.AppModelReloadTests testDirtyFormattingOnlySaveDoesNotRestoreOriginalBytes]' started.
Test Case '-[OuroMDTests.AppModelReloadTests testDirtyFormattingOnlySaveDoesNotRestoreOriginalBytes]' passed (0.008 seconds).
Test Case '-[OuroMDTests.AppModelReloadTests testEditorCrashRecoveryEmitsCompletionAfterRecoveredContentReachesBridge]' started.
Test Case '-[OuroMDTests.AppModelReloadTests testEditorCrashRecoveryEmitsCompletionAfterRecoveredContentReachesBridge]' passed (0.004 seconds).
Test Case '-[OuroMDTests.AppModelReloadTests testExternalEditBeforeEditorReadyQueuesReloadWithoutFalseCompletion]' started.
Test Case '-[OuroMDTests.AppModelReloadTests testExternalEditBeforeEditorReadyQueuesReloadWithoutFalseCompletion]' passed (0.010 seconds).
Test Case '-[OuroMDTests.AppModelReloadTests testExternalEditTriggersLiveReload]' started.
Test Case '-[OuroMDTests.AppModelReloadTests testExternalEditTriggersLiveReload]' passed (0.010 seconds).
Test Case '-[OuroMDTests.AppModelReloadTests testFailedDirtySaveAsRestoresPreviousURL]' started.
Test Case '-[OuroMDTests.AppModelReloadTests testFailedDirtySaveAsRestoresPreviousURL]' passed (0.011 seconds).
Test Case '-[OuroMDTests.AppModelReloadTests testFailedSaveAsRestoresPreviousURL]' started.
Test Case '-[OuroMDTests.AppModelReloadTests testFailedSaveAsRestoresPreviousURL]' passed (0.010 seconds).
Test Case '-[OuroMDTests.AppModelReloadTests testInitialUnreadableFileShowsErrorAndLoadsWelcome]' started.
Test Case '-[OuroMDTests.AppModelReloadTests testInitialUnreadableFileShowsErrorAndLoadsWelcome]' passed (0.003 seconds).
Test Case '-[OuroMDTests.AppModelReloadTests testInvalidFolderRegexSetsVisibleSearchError]' started.
Test Case '-[OuroMDTests.AppModelReloadTests testInvalidFolderRegexSetsVisibleSearchError]' passed (0.006 seconds).
Test Case '-[OuroMDTests.AppModelReloadTests testOpenFailureTelemetryIsCoarse]' started.
Test Case '-[OuroMDTests.AppModelReloadTests testOpenFailureTelemetryIsCoarse]' passed (0.003 seconds).
Test Case '-[OuroMDTests.AppModelReloadTests testOwnSaveDoesNotSelfReload]' started.
Test Case '-[OuroMDTests.AppModelReloadTests testOwnSaveDoesNotSelfReload]' passed (1.019 seconds).
Test Case '-[OuroMDTests.AppModelReloadTests testRenameCaseOnlyIsAllowed]' started.
Test Case '-[OuroMDTests.AppModelReloadTests testRenameCaseOnlyIsAllowed]' passed (0.002 seconds).
Test Case '-[OuroMDTests.AppModelReloadTests testRenameMovesFileAndRetargetsModel]' started.
Test Case '-[OuroMDTests.AppModelReloadTests testRenameMovesFileAndRetargetsModel]' passed (0.002 seconds).
Test Case '-[OuroMDTests.AppModelReloadTests testRenameRefusesCollision]' started.
Test Case '-[OuroMDTests.AppModelReloadTests testRenameRefusesCollision]' passed (0.006 seconds).
Test Case '-[OuroMDTests.AppModelReloadTests testRenameWithoutExtensionKeepsOriginal]' started.
Test Case '-[OuroMDTests.AppModelReloadTests testRenameWithoutExtensionKeepsOriginal]' passed (0.004 seconds).
Test Case '-[OuroMDTests.AppModelReloadTests testSaveAsCleanDocumentWritesNewDestination]' started.
Test Case '-[OuroMDTests.AppModelReloadTests testSaveAsCleanDocumentWritesNewDestination]' passed (0.003 seconds).
Test Case '-[OuroMDTests.AppModelReloadTests testSaveAsCleanNonUTF8DocumentCopiesOriginalBytes]' started.
Test Case '-[OuroMDTests.AppModelReloadTests testSaveAsCleanNonUTF8DocumentCopiesOriginalBytes]' passed (0.003 seconds).
Test Case '-[OuroMDTests.AppModelReloadTests testSaveAsDirtyDocumentWritesEditorBuffer]' started.
Test Case '-[OuroMDTests.AppModelReloadTests testSaveAsDirtyDocumentWritesEditorBuffer]' passed (0.007 seconds).
Test Case '-[OuroMDTests.AppModelReloadTests testSaveBeforeEditorReadyDoesNotEmptyFile]' started.
Test Case '-[OuroMDTests.AppModelReloadTests testSaveBeforeEditorReadyDoesNotEmptyFile]' passed (0.002 seconds).
Test Case '-[OuroMDTests.AppModelReloadTests testSaveWhenEditorValueUnavailableEmitsCoarseTelemetry]' started.
Test Case '-[OuroMDTests.AppModelReloadTests testSaveWhenEditorValueUnavailableEmitsCoarseTelemetry]' passed (0.003 seconds).
Test Case '-[OuroMDTests.AppModelReloadTests testSaveWithoutBridgeEmitsCoarseTelemetry]' started.
Test Case '-[OuroMDTests.AppModelReloadTests testSaveWithoutBridgeEmitsCoarseTelemetry]' passed (0.003 seconds).
Test Case '-[OuroMDTests.AppModelReloadTests testSearchSnippetClickRevealsCurrentFileMatch]' started.
Test Case '-[OuroMDTests.AppModelReloadTests testSearchSnippetClickRevealsCurrentFileMatch]' passed (0.008 seconds).
Test Case '-[OuroMDTests.AppModelReloadTests testSearchSnippetRevealUsesTrimmedQueryForPaddedFolderSearch]' started.
Test Case '-[OuroMDTests.AppModelReloadTests testSearchSnippetRevealUsesTrimmedQueryForPaddedFolderSearch]' passed (0.010 seconds).
Test Suite 'AppModelReloadTests' passed at 2026-06-30 18:10:46.770.
	 Executed 25 tests, with 0 failures (0 unexpected) in 1.147 (1.150) seconds
Test Suite 'CommandPaletteTests' started at 2026-06-30 18:10:46.770.
Test Case '-[OuroMDTests.CommandPaletteTests testCatalogCarriesShortcutMetadataForPowerUserDiscovery]' started.
Test Case '-[OuroMDTests.CommandPaletteTests testCatalogCarriesShortcutMetadataForPowerUserDiscovery]' passed (0.001 seconds).
Test Case '-[OuroMDTests.CommandPaletteTests testCatalogFiltersByMultipleTermsAndLimitsDefaultSuggestions]' started.
Test Case '-[OuroMDTests.CommandPaletteTests testCatalogFiltersByMultipleTermsAndLimitsDefaultSuggestions]' passed (0.005 seconds).
Test Case '-[OuroMDTests.CommandPaletteTests testCatalogIncludesEditorMenuCommandsWithoutShortcuts]' started.
Test Case '-[OuroMDTests.CommandPaletteTests testCatalogIncludesEditorMenuCommandsWithoutShortcuts]' passed (0.000 seconds).
Test Case '-[OuroMDTests.CommandPaletteTests testPaletteDispatchesFormatModeSidebarAndThemeActions]' started.
Test Case '-[OuroMDTests.CommandPaletteTests testPaletteDispatchesFormatModeSidebarAndThemeActions]' passed (0.001 seconds).
Test Case '-[OuroMDTests.CommandPaletteTests testPaletteVisibilityAndFindCommandsResetQuery]' started.
Test Case '-[OuroMDTests.CommandPaletteTests testPaletteVisibilityAndFindCommandsResetQuery]' passed (0.000 seconds).
Test Suite 'CommandPaletteTests' passed at 2026-06-30 18:10:46.778.
	 Executed 5 tests, with 0 failures (0 unexpected) in 0.007 (0.008) seconds
Test Suite 'ContentSearcherTests' started at 2026-06-30 18:10:46.778.
Test Case '-[OuroMDTests.ContentSearcherTests testAppModelPublishesSearchCancelAndFormatsSkippedFileUXState]' started.
Test Case '-[OuroMDTests.ContentSearcherTests testAppModelPublishesSearchCancelAndFormatsSkippedFileUXState]' passed (0.009 seconds).
Test Case '-[OuroMDTests.ContentSearcherTests testBinaryAndUnreadableMarkdownFilesAreSkippedWithoutLeakingPaths]' started.
Test Case '-[OuroMDTests.ContentSearcherTests testBinaryAndUnreadableMarkdownFilesAreSkippedWithoutLeakingPaths]' passed (0.009 seconds).
Test Case '-[OuroMDTests.ContentSearcherTests testCaseSensitiveOption]' started.
Test Case '-[OuroMDTests.ContentSearcherTests testCaseSensitiveOption]' passed (0.008 seconds).
Test Case '-[OuroMDTests.ContentSearcherTests testInvalidRegularExpressionReportsValidationError]' started.
Test Case '-[OuroMDTests.ContentSearcherTests testInvalidRegularExpressionReportsValidationError]' passed (0.005 seconds).
Test Case '-[OuroMDTests.ContentSearcherTests testMatchOrdinalCountsEarlierOccurrencesOnSameLine]' started.
Test Case '-[OuroMDTests.ContentSearcherTests testMatchOrdinalCountsEarlierOccurrencesOnSameLine]' passed (0.008 seconds).
Test Case '-[OuroMDTests.ContentSearcherTests testSearchCanBeCancelledBeforeCompletion]' started.
Test Case '-[OuroMDTests.ContentSearcherTests testSearchCanBeCancelledBeforeCompletion]' passed (1.728 seconds).
Test Case '-[OuroMDTests.ContentSearcherTests testStreamsRankedResultsWithSnippets]' started.
Test Case '-[OuroMDTests.ContentSearcherTests testStreamsRankedResultsWithSnippets]' passed (0.005 seconds).
Test Case '-[OuroMDTests.ContentSearcherTests testTruncatedSnippetKeepsSourceCoordinates]' started.
Test Case '-[OuroMDTests.ContentSearcherTests testTruncatedSnippetKeepsSourceCoordinates]' passed (0.019 seconds).
Test Suite 'ContentSearcherTests' passed at 2026-06-30 18:10:48.571.
	 Executed 8 tests, with 0 failures (0 unexpected) in 1.792 (1.793) seconds
Test Suite 'DocumentWindowControllerTests' started at 2026-06-30 18:10:48.571.
Test Case '-[OuroMDTests.DocumentWindowControllerTests testDocumentChromeAndTitleOpenAcrossSavedRenamedAndDeletedStates]' started.
Test Case '-[OuroMDTests.DocumentWindowControllerTests testDocumentChromeAndTitleOpenAcrossSavedRenamedAndDeletedStates]' passed (0.313 seconds).
Test Case '-[OuroMDTests.DocumentWindowControllerTests testTitleClickDragDecisionKeepsSmallMotionClickable]' started.
Test Case '-[OuroMDTests.DocumentWindowControllerTests testTitleClickDragDecisionKeepsSmallMotionClickable]' passed (0.000 seconds).
Test Case '-[OuroMDTests.DocumentWindowControllerTests testTitleClickDragDecisionTreatsThresholdAsDrag]' started.
Test Case '-[OuroMDTests.DocumentWindowControllerTests testTitleClickDragDecisionTreatsThresholdAsDrag]' passed (0.000 seconds).
Test Case '-[OuroMDTests.DocumentWindowControllerTests testTitleClickRoutesToOpenPanelInsteadOfRename]' started.
Test Case '-[OuroMDTests.DocumentWindowControllerTests testTitleClickRoutesToOpenPanelInsteadOfRename]' passed (0.229 seconds).
Test Suite 'DocumentWindowControllerTests' passed at 2026-06-30 18:10:49.114.
	 Executed 4 tests, with 0 failures (0 unexpected) in 0.543 (0.543) seconds
Test Suite 'EditorWebViewTests' started at 2026-06-30 18:10:49.116.
Test Case '-[OuroMDTests.EditorWebViewTests testEditorDropWebViewAcceptsOnlyOpenableMarkdownFiles]' started.
Test Case '-[OuroMDTests.EditorWebViewTests testEditorDropWebViewAcceptsOnlyOpenableMarkdownFiles]' passed (0.018 seconds).
Test Case '-[OuroMDTests.EditorWebViewTests testInitialThemeBootstrapSeedsDarkThemeBeforeEditorReady]' started.
Test Case '-[OuroMDTests.EditorWebViewTests testInitialThemeBootstrapSeedsDarkThemeBeforeEditorReady]' passed (0.001 seconds).
Test Suite 'EditorWebViewTests' passed at 2026-06-30 18:10:49.135.
	 Executed 2 tests, with 0 failures (0 unexpected) in 0.020 (0.020) seconds
Test Suite 'FileWatcherTests' started at 2026-06-30 18:10:49.135.
Test Case '-[OuroMDTests.FileWatcherTests testDetectsInPlaceWrite]' started.
Test Case '-[OuroMDTests.FileWatcherTests testDetectsInPlaceWrite]' passed (0.443 seconds).
Test Case '-[OuroMDTests.FileWatcherTests testReArmsAcrossAtomicReplace]' started.
Test Case '-[OuroMDTests.FileWatcherTests testReArmsAcrossAtomicReplace]' passed (0.436 seconds).
Test Suite 'FileWatcherTests' passed at 2026-06-30 18:10:50.015.
	 Executed 2 tests, with 0 failures (0 unexpected) in 0.879 (0.879) seconds
Test Suite 'FolderBrowserTests' started at 2026-06-30 18:10:50.015.
Test Case '-[OuroMDTests.FolderBrowserTests testDeepTreeReportsTruncationAtDepthCap]' started.
Test Case '-[OuroMDTests.FolderBrowserTests testDeepTreeReportsTruncationAtDepthCap]' passed (0.015 seconds).
Test Case '-[OuroMDTests.FolderBrowserTests testFlatListIncludesOnlyOpenableFiles]' started.
Test Case '-[OuroMDTests.FolderBrowserTests testFlatListIncludesOnlyOpenableFiles]' passed (0.007 seconds).
Test Case '-[OuroMDTests.FolderBrowserTests testFolderSortLabelsAndDateSorts]' started.
Test Case '-[OuroMDTests.FolderBrowserTests testFolderSortLabelsAndDateSorts]' passed (0.005 seconds).
Test Case '-[OuroMDTests.FolderBrowserTests testLargeWorkspaceBudgetSkipsOversizedHiddenAndSymlinkedFiles]' started.
Test Case '-[OuroMDTests.FolderBrowserTests testLargeWorkspaceBudgetSkipsOversizedHiddenAndSymlinkedFiles]' passed (7.604 seconds).
Test Case '-[OuroMDTests.FolderBrowserTests testNameSortIsNatural]' started.
Test Case '-[OuroMDTests.FolderBrowserTests testNameSortIsNatural]' passed (0.026 seconds).
Test Case '-[OuroMDTests.FolderBrowserTests testOpenFolderPopulatesModelAndFilter]' started.
Test Case '-[OuroMDTests.FolderBrowserTests testOpenFolderPopulatesModelAndFilter]' passed (0.643 seconds).
Test Case '-[OuroMDTests.FolderBrowserTests testReadsNonUTF8File]' started.
Test Case '-[OuroMDTests.FolderBrowserTests testReadsNonUTF8File]' passed (0.008 seconds).
Test Case '-[OuroMDTests.FolderBrowserTests testSnapshotOfMissingFolderIsEmpty]' started.
Test Case '-[OuroMDTests.FolderBrowserTests testSnapshotOfMissingFolderIsEmpty]' passed (0.021 seconds).
Test Case '-[OuroMDTests.FolderBrowserTests testSnapshotProvidesTreeAndFlatViewsFromOneAPI]' started.
Test Case '-[OuroMDTests.FolderBrowserTests testSnapshotProvidesTreeAndFlatViewsFromOneAPI]' passed (0.016 seconds).
Test Case '-[OuroMDTests.FolderBrowserTests testSymlinkCycleDoesNotCrashOrRecurse]' started.
Test Case '-[OuroMDTests.FolderBrowserTests testSymlinkCycleDoesNotCrashOrRecurse]' passed (0.009 seconds).
Test Case '-[OuroMDTests.FolderBrowserTests testTreeGroupsDirsFirstAndPrunesEmpties]' started.
Test Case '-[OuroMDTests.FolderBrowserTests testTreeGroupsDirsFirstAndPrunesEmpties]' passed (0.007 seconds).
Test Case '-[OuroMDTests.FolderBrowserTests testUnusualNamesDuplicateBasenamesAndSymlinkedMarkdownAreHandled]' started.
Test Case '-[OuroMDTests.FolderBrowserTests testUnusualNamesDuplicateBasenamesAndSymlinkedMarkdownAreHandled]' passed (0.011 seconds).
Test Suite 'FolderBrowserTests' passed at 2026-06-30 18:10:58.390.
	 Executed 12 tests, with 0 failures (0 unexpected) in 8.370 (8.375) seconds
Test Suite 'FolderDisplayTests' started at 2026-06-30 18:10:58.390.
Test Case '-[OuroMDTests.FolderDisplayTests testDuplicateFileNamesAreDetectedCaseInsensitively]' started.
Test Case '-[OuroMDTests.FolderDisplayTests testDuplicateFileNamesAreDetectedCaseInsensitively]' passed (0.000 seconds).
Test Case '-[OuroMDTests.FolderDisplayTests testRelativePathAndParentHintStayWithinMountedFolder]' started.
Test Case '-[OuroMDTests.FolderDisplayTests testRelativePathAndParentHintStayWithinMountedFolder]' passed (0.000 seconds).
Test Suite 'FolderDisplayTests' passed at 2026-06-30 18:10:58.391.
	 Executed 2 tests, with 0 failures (0 unexpected) in 0.001 (0.001) seconds
Test Suite 'HTMLDocumentTests' started at 2026-06-30 18:10:58.391.
Test Case '-[OuroMDTests.HTMLDocumentTests testEscapeAttrAlsoEscapesDoubleQuotes]' started.
Test Case '-[OuroMDTests.HTMLDocumentTests testEscapeAttrAlsoEscapesDoubleQuotes]' passed (0.001 seconds).
Test Case '-[OuroMDTests.HTMLDocumentTests testEscapeHandlesEveryReservedCharacterAndPassesOthersThrough]' started.
Test Case '-[OuroMDTests.HTMLDocumentTests testEscapeHandlesEveryReservedCharacterAndPassesOthersThrough]' passed (0.000 seconds).
Test Case '-[OuroMDTests.HTMLDocumentTests testWrapProducesCompleteDocumentWithEscapedTitleAndEmbeddedCSS]' started.
Test Case '-[OuroMDTests.HTMLDocumentTests testWrapProducesCompleteDocumentWithEscapedTitleAndEmbeddedCSS]' passed (0.001 seconds).
Test Suite 'HTMLDocumentTests' passed at 2026-06-30 18:10:58.393.
	 Executed 3 tests, with 0 failures (0 unexpected) in 0.002 (0.002) seconds
Test Suite 'MarkdownRendererTests' started at 2026-06-30 18:10:58.393.
Test Case '-[OuroMDTests.MarkdownRendererTests testBlockQuote]' started.
Test Case '-[OuroMDTests.MarkdownRendererTests testBlockQuote]' passed (0.003 seconds).
Test Case '-[OuroMDTests.MarkdownRendererTests testBoldAndItalic]' started.
Test Case '-[OuroMDTests.MarkdownRendererTests testBoldAndItalic]' passed (0.000 seconds).
Test Case '-[OuroMDTests.MarkdownRendererTests testBrokenOrUnknownFootnoteReferencesAreLeftAsText]' started.
Test Case '-[OuroMDTests.MarkdownRendererTests testBrokenOrUnknownFootnoteReferencesAreLeftAsText]' passed (0.001 seconds).
Test Case '-[OuroMDTests.MarkdownRendererTests testCodeOnlyTableCellsAreMarkedForIntrinsicWidth]' started.
Test Case '-[OuroMDTests.MarkdownRendererTests testCodeOnlyTableCellsAreMarkedForIntrinsicWidth]' passed (0.002 seconds).
Test Case '-[OuroMDTests.MarkdownRendererTests testDocumentWrap]' started.
Test Case '-[OuroMDTests.MarkdownRendererTests testDocumentWrap]' passed (0.001 seconds).
Test Case '-[OuroMDTests.MarkdownRendererTests testDuplicateFootnoteDefinitionsDoNotCrash]' started.
Test Case '-[OuroMDTests.MarkdownRendererTests testDuplicateFootnoteDefinitionsDoNotCrash]' passed (0.000 seconds).
Test Case '-[OuroMDTests.MarkdownRendererTests testFencedCodeBlock]' started.
Test Case '-[OuroMDTests.MarkdownRendererTests testFencedCodeBlock]' passed (0.000 seconds).
Test Case '-[OuroMDTests.MarkdownRendererTests testFootnoteContinuationsAreRendered]' started.
Test Case '-[OuroMDTests.MarkdownRendererTests testFootnoteContinuationsAreRendered]' passed (0.000 seconds).
Test Case '-[OuroMDTests.MarkdownRendererTests testFootnoteDefinitionsInsideCodeBlocksRemainCode]' started.
Test Case '-[OuroMDTests.MarkdownRendererTests testFootnoteDefinitionsInsideCodeBlocksRemainCode]' passed (0.000 seconds).
Test Case '-[OuroMDTests.MarkdownRendererTests testFootnoteMultiParagraphContinuationRendersInsideFootnote]' started.
Test Case '-[OuroMDTests.MarkdownRendererTests testFootnoteMultiParagraphContinuationRendersInsideFootnote]' passed (0.001 seconds).
Test Case '-[OuroMDTests.MarkdownRendererTests testFootnoteReferencesInsideFencedCodeAreLeftAlone]' started.
Test Case '-[OuroMDTests.MarkdownRendererTests testFootnoteReferencesInsideFencedCodeAreLeftAlone]' passed (0.000 seconds).
Test Case '-[OuroMDTests.MarkdownRendererTests testFootnoteReferencesInsideIndentedCodeAreLeftAlone]' started.
Test Case '-[OuroMDTests.MarkdownRendererTests testFootnoteReferencesInsideIndentedCodeAreLeftAlone]' passed (0.000 seconds).
Test Case '-[OuroMDTests.MarkdownRendererTests testFootnoteReferencesInsideInlineCodeOrEscapesAreLeftAlone]' started.
Test Case '-[OuroMDTests.MarkdownRendererTests testFootnoteReferencesInsideInlineCodeOrEscapesAreLeftAlone]' passed (0.000 seconds).
Test Case '-[OuroMDTests.MarkdownRendererTests testFootnotesRenderAsBacklinkedSection]' started.
Test Case '-[OuroMDTests.MarkdownRendererTests testFootnotesRenderAsBacklinkedSection]' passed (0.000 seconds).
Test Case '-[OuroMDTests.MarkdownRendererTests testHeading]' started.
Test Case '-[OuroMDTests.MarkdownRendererTests testHeading]' passed (0.000 seconds).
Test Case '-[OuroMDTests.MarkdownRendererTests testHeadingHasSlugID]' started.
Test Case '-[OuroMDTests.MarkdownRendererTests testHeadingHasSlugID]' passed (0.000 seconds).
Test Case '-[OuroMDTests.MarkdownRendererTests testHeadingSlugCollapsesRuns]' started.
Test Case '-[OuroMDTests.MarkdownRendererTests testHeadingSlugCollapsesRuns]' passed (0.000 seconds).
Test Case '-[OuroMDTests.MarkdownRendererTests testHTMLEscaping]' started.
Test Case '-[OuroMDTests.MarkdownRendererTests testHTMLEscaping]' passed (0.000 seconds).
Test Case '-[OuroMDTests.MarkdownRendererTests testImageAlt]' started.
Test Case '-[OuroMDTests.MarkdownRendererTests testImageAlt]' passed (0.000 seconds).
Test Case '-[OuroMDTests.MarkdownRendererTests testImageSourcesAreEscapedOrInlined]' started.
Test Case '-[OuroMDTests.MarkdownRendererTests testImageSourcesAreEscapedOrInlined]' passed (0.006 seconds).
Test Case '-[OuroMDTests.MarkdownRendererTests testInlineCode]' started.
Test Case '-[OuroMDTests.MarkdownRendererTests testInlineCode]' passed (0.001 seconds).
Test Case '-[OuroMDTests.MarkdownRendererTests testLineBreaksAndRawHTMLPassThrough]' started.
Test Case '-[OuroMDTests.MarkdownRendererTests testLineBreaksAndRawHTMLPassThrough]' passed (0.000 seconds).
Test Case '-[OuroMDTests.MarkdownRendererTests testLink]' started.
Test Case '-[OuroMDTests.MarkdownRendererTests testLink]' passed (0.000 seconds).
Test Case '-[OuroMDTests.MarkdownRendererTests testLongFencesCanContainShorterFenceExamples]' started.
Test Case '-[OuroMDTests.MarkdownRendererTests testLongFencesCanContainShorterFenceExamples]' passed (0.000 seconds).
Test Case '-[OuroMDTests.MarkdownRendererTests testOrderedList]' started.
Test Case '-[OuroMDTests.MarkdownRendererTests testOrderedList]' passed (0.000 seconds).
Test Case '-[OuroMDTests.MarkdownRendererTests testPathologicalTableCellsRenderAlignmentHTMLURLsAndEmptyCells]' started.
Test Case '-[OuroMDTests.MarkdownRendererTests testPathologicalTableCellsRenderAlignmentHTMLURLsAndEmptyCells]' passed (0.001 seconds).
Test Case '-[OuroMDTests.MarkdownRendererTests testRepeatedFootnoteReferencesUseUniqueAnchorIDs]' started.
Test Case '-[OuroMDTests.MarkdownRendererTests testRepeatedFootnoteReferencesUseUniqueAnchorIDs]' passed (0.000 seconds).
Test Case '-[OuroMDTests.MarkdownRendererTests testShortCellsStayFreeWhileLongAndCodeBearingCellsGetAReadableFloor]' started.
Test Case '-[OuroMDTests.MarkdownRendererTests testShortCellsStayFreeWhileLongAndCodeBearingCellsGetAReadableFloor]' passed (0.000 seconds).
Test Case '-[OuroMDTests.MarkdownRendererTests testStrikethrough]' started.
Test Case '-[OuroMDTests.MarkdownRendererTests testStrikethrough]' passed (0.000 seconds).
Test Case '-[OuroMDTests.MarkdownRendererTests testTable]' started.
Test Case '-[OuroMDTests.MarkdownRendererTests testTable]' passed (0.000 seconds).
Test Case '-[OuroMDTests.MarkdownRendererTests testTaskList]' started.
Test Case '-[OuroMDTests.MarkdownRendererTests testTaskList]' passed (0.000 seconds).
Test Case '-[OuroMDTests.MarkdownRendererTests testThematicBreak]' started.
Test Case '-[OuroMDTests.MarkdownRendererTests testThematicBreak]' passed (0.000 seconds).
Test Case '-[OuroMDTests.MarkdownRendererTests testThemeStore]' started.
Test Case '-[OuroMDTests.MarkdownRendererTests testThemeStore]' passed (0.000 seconds).
Test Case '-[OuroMDTests.MarkdownRendererTests testUnorderedList]' started.
Test Case '-[OuroMDTests.MarkdownRendererTests testUnorderedList]' passed (0.000 seconds).
Test Suite 'MarkdownRendererTests' passed at 2026-06-30 18:10:58.417.
	 Executed 34 tests, with 0 failures (0 unexpected) in 0.022 (0.024) seconds
Test Suite 'MarkdownTidyTests' started at 2026-06-30 18:10:58.417.
Test Case '-[OuroMDTests.MarkdownTidyTests testCollapsesConsecutiveBlankLines]' started.
Test Case '-[OuroMDTests.MarkdownTidyTests testCollapsesConsecutiveBlankLines]' passed (0.000 seconds).
Test Case '-[OuroMDTests.MarkdownTidyTests testDoesNotRewriteNonTableLinesThatMerelyUseSeparatorCharacters]' started.
Test Case '-[OuroMDTests.MarkdownTidyTests testDoesNotRewriteNonTableLinesThatMerelyUseSeparatorCharacters]' passed (0.000 seconds).
Test Case '-[OuroMDTests.MarkdownTidyTests testDoesNotTouchFencedCode]' started.
Test Case '-[OuroMDTests.MarkdownTidyTests testDoesNotTouchFencedCode]' passed (0.000 seconds).
Test Case '-[OuroMDTests.MarkdownTidyTests testDoesNotTouchTildeFencedCode]' started.
Test Case '-[OuroMDTests.MarkdownTidyTests testDoesNotTouchTildeFencedCode]' passed (0.000 seconds).
Test Case '-[OuroMDTests.MarkdownTidyTests testExpandsCompactAndNoSpaceSeparators]' started.
Test Case '-[OuroMDTests.MarkdownTidyTests testExpandsCompactAndNoSpaceSeparators]' passed (0.000 seconds).
Test Case '-[OuroMDTests.MarkdownTidyTests testExpandsTableSeparator]' started.
Test Case '-[OuroMDTests.MarkdownTidyTests testExpandsTableSeparator]' passed (0.000 seconds).
Test Case '-[OuroMDTests.MarkdownTidyTests testFrontMatterClosingFenceAtEndOfDocumentUnchanged]' started.
Test Case '-[OuroMDTests.MarkdownTidyTests testFrontMatterClosingFenceAtEndOfDocumentUnchanged]' passed (0.000 seconds).
Test Case '-[OuroMDTests.MarkdownTidyTests testFrontMatterOnlyNoBodyUnchanged]' started.
Test Case '-[OuroMDTests.MarkdownTidyTests testFrontMatterOnlyNoBodyUnchanged]' passed (0.000 seconds).
Test Case '-[OuroMDTests.MarkdownTidyTests testFrontMatterWithExistingBlankLineUnchanged]' started.
Test Case '-[OuroMDTests.MarkdownTidyTests testFrontMatterWithExistingBlankLineUnchanged]' passed (0.000 seconds).
Test Case '-[OuroMDTests.MarkdownTidyTests testIndentedTableSeparatorKeepsItsIndent]' started.
Test Case '-[OuroMDTests.MarkdownTidyTests testIndentedTableSeparatorKeepsItsIndent]' passed (0.000 seconds).
Test Case '-[OuroMDTests.MarkdownTidyTests testLeavesHorizontalRuleAlone]' started.
Test Case '-[OuroMDTests.MarkdownTidyTests testLeavesHorizontalRuleAlone]' passed (0.000 seconds).
Test Case '-[OuroMDTests.MarkdownTidyTests testMidDocumentTripleDashNotTreatedAsFrontMatter]' started.
Test Case '-[OuroMDTests.MarkdownTidyTests testMidDocumentTripleDashNotTreatedAsFrontMatter]' passed (0.000 seconds).
Test Case '-[OuroMDTests.MarkdownTidyTests testMidDocumentTripleDashWithoutSurroundingBlanksNotTreatedAsFrontMatter]' started.
Test Case '-[OuroMDTests.MarkdownTidyTests testMidDocumentTripleDashWithoutSurroundingBlanksNotTreatedAsFrontMatter]' passed (0.000 seconds).
Test Case '-[OuroMDTests.MarkdownTidyTests testNonTableContentUnchanged]' started.
Test Case '-[OuroMDTests.MarkdownTidyTests testNonTableContentUnchanged]' passed (0.000 seconds).
Test Case '-[OuroMDTests.MarkdownTidyTests testNormalTidyDoesNotConsultOriginalForDirtySave]' started.
Test Case '-[OuroMDTests.MarkdownTidyTests testNormalTidyDoesNotConsultOriginalForDirtySave]' passed (0.000 seconds).
Test Case '-[OuroMDTests.MarkdownTidyTests testPreservesBlankLineAfterClosingFence]' started.
Test Case '-[OuroMDTests.MarkdownTidyTests testPreservesBlankLineAfterClosingFence]' passed (0.000 seconds).
Test Case '-[OuroMDTests.MarkdownTidyTests testPreservesTableAlignment]' started.
Test Case '-[OuroMDTests.MarkdownTidyTests testPreservesTableAlignment]' passed (0.000 seconds).
Test Case '-[OuroMDTests.MarkdownTidyTests testRestoresBlankLineAfterFrontMatter]' started.
Test Case '-[OuroMDTests.MarkdownTidyTests testRestoresBlankLineAfterFrontMatter]' passed (0.000 seconds).
Test Case '-[OuroMDTests.MarkdownTidyTests testRoundTripperReadsExistingInput]' started.
Test Case '-[OuroMDTests.MarkdownTidyTests testRoundTripperReadsExistingInput]' passed (0.001 seconds).
Test Case '-[OuroMDTests.MarkdownTidyTests testRoundTripperRejectsMissingInput]' started.
Test Case '-[OuroMDTests.MarkdownTidyTests testRoundTripperRejectsMissingInput]' passed (0.000 seconds).
Test Case '-[OuroMDTests.MarkdownTidyTests testRoundTripProbePreservesOriginalWhenOnlyKnownEditorNormalizationChanged]' started.
Test Case '-[OuroMDTests.MarkdownTidyTests testRoundTripProbePreservesOriginalWhenOnlyKnownEditorNormalizationChanged]' passed (0.000 seconds).
Test Case '-[OuroMDTests.MarkdownTidyTests testRoundTripProbeReturnsTidiedOutputWhenContentChanged]' started.
Test Case '-[OuroMDTests.MarkdownTidyTests testRoundTripProbeReturnsTidiedOutputWhenContentChanged]' passed (0.000 seconds).
Test Case '-[OuroMDTests.MarkdownTidyTests testSeparatorRequiresBothBoundingPipes]' started.
Test Case '-[OuroMDTests.MarkdownTidyTests testSeparatorRequiresBothBoundingPipes]' passed (0.000 seconds).
Test Case '-[OuroMDTests.MarkdownTidyTests testTidyIsIdempotent]' started.
Test Case '-[OuroMDTests.MarkdownTidyTests testTidyIsIdempotent]' passed (0.000 seconds).
Test Case '-[OuroMDTests.MarkdownTidyTests testUnclosedFrontMatterFenceLeftUnchanged]' started.
Test Case '-[OuroMDTests.MarkdownTidyTests testUnclosedFrontMatterFenceLeftUnchanged]' passed (0.000 seconds).
Test Suite 'MarkdownTidyTests' passed at 2026-06-30 18:10:58.424.
	 Executed 25 tests, with 0 failures (0 unexpected) in 0.005 (0.007) seconds
Test Suite 'OuroMDShellContractTests' started at 2026-06-30 18:10:58.424.
Test Case '-[OuroMDTests.OuroMDShellContractTests testShellContractDocumentsUtilityWindowsAndSettingsEntryPoint]' started.
Test Case '-[OuroMDTests.OuroMDShellContractTests testShellContractDocumentsUtilityWindowsAndSettingsEntryPoint]' passed (0.001 seconds).
Test Case '-[OuroMDTests.OuroMDShellContractTests testShellContractIsValidAndDeclaresSharedSurfaces]' started.
Test Case '-[OuroMDTests.OuroMDShellContractTests testShellContractIsValidAndDeclaresSharedSurfaces]' passed (0.001 seconds).
Test Case '-[OuroMDTests.OuroMDShellContractTests testShellContractMatchesRuntimeIdentityReleaseAndShortcutSurfaces]' started.
Test Case '-[OuroMDTests.OuroMDShellContractTests testShellContractMatchesRuntimeIdentityReleaseAndShortcutSurfaces]' passed (0.001 seconds).
Test Suite 'OuroMDShellContractTests' passed at 2026-06-30 18:10:58.428.
	 Executed 3 tests, with 0 failures (0 unexpected) in 0.003 (0.004) seconds
Test Suite 'OuroMDTelemetryTests' started at 2026-06-30 18:10:58.428.
Test Case '-[OuroMDTests.OuroMDTelemetryTests testCaptureCanUseDefaultClockWithInjectedSender]' started.
Test Case '-[OuroMDTests.OuroMDTelemetryTests testCaptureCanUseDefaultClockWithInjectedSender]' passed (0.009 seconds).
Test Case '-[OuroMDTests.OuroMDTelemetryTests testCaptureReusesExistingDistinctID]' started.
Test Case '-[OuroMDTests.OuroMDTelemetryTests testCaptureReusesExistingDistinctID]' passed (0.003 seconds).
Test Case '-[OuroMDTests.OuroMDTelemetryTests testCaptureSendsAnonymousPostHogPayload]' started.
Test Case '-[OuroMDTests.OuroMDTelemetryTests testCaptureSendsAnonymousPostHogPayload]' passed (0.002 seconds).
Test Case '-[OuroMDTests.OuroMDTelemetryTests testConfigurationIgnoresAmbientPostHogKeyEnvironmentAndSupportsDisableFlag]' started.
Test Case '-[OuroMDTests.OuroMDTelemetryTests testConfigurationIgnoresAmbientPostHogKeyEnvironmentAndSupportsDisableFlag]' passed (0.002 seconds).
Test Case '-[OuroMDTests.OuroMDTelemetryTests testConfigurationIgnoresStoredPostHogDefaults]' started.
Test Case '-[OuroMDTests.OuroMDTelemetryTests testConfigurationIgnoresStoredPostHogDefaults]' passed (0.002 seconds).
Test Case '-[OuroMDTests.OuroMDTelemetryTests testConfigurationLoadsEmbeddedPostHogBundleValues]' started.
Test Case '-[OuroMDTests.OuroMDTelemetryTests testConfigurationLoadsEmbeddedPostHogBundleValues]' passed (0.002 seconds).
Test Case '-[OuroMDTests.OuroMDTelemetryTests testConfigurationRejectsInvalidEmbeddedHost]' started.
Test Case '-[OuroMDTests.OuroMDTelemetryTests testConfigurationRejectsInvalidEmbeddedHost]' passed (0.002 seconds).
Test Case '-[OuroMDTests.OuroMDTelemetryTests testOptOutSuppressesCaptureAndPersists]' started.
Test Case '-[OuroMDTests.OuroMDTelemetryTests testOptOutSuppressesCaptureAndPersists]' passed (0.002 seconds).
Test Case '-[OuroMDTests.OuroMDTelemetryTests testUnconfiguredTelemetryIsDisabled]' started.
Test Case '-[OuroMDTests.OuroMDTelemetryTests testUnconfiguredTelemetryIsDisabled]' passed (0.001 seconds).
Test Suite 'OuroMDTelemetryTests' passed at 2026-06-30 18:10:58.456.
	 Executed 9 tests, with 0 failures (0 unexpected) in 0.026 (0.028) seconds
Test Suite 'OuroMDUpdateCoordinatorTests' started at 2026-06-30 18:10:58.456.
Test Case '-[OuroMDTests.OuroMDUpdateCoordinatorTests testApplyStagedUpdateOnQuitOnlyWhenEnabledAndNotManualInstall]' started.
Test Case '-[OuroMDTests.OuroMDUpdateCoordinatorTests testApplyStagedUpdateOnQuitOnlyWhenEnabledAndNotManualInstall]' passed (0.022 seconds).
Test Case '-[OuroMDTests.OuroMDUpdateCoordinatorTests testAppShellUpdateActionsExposeReviewButKeepDirectInstallBehindOuroMDPrompt]' started.
Test Case '-[OuroMDTests.OuroMDUpdateCoordinatorTests testAppShellUpdateActionsExposeReviewButKeepDirectInstallBehindOuroMDPrompt]' passed (0.006 seconds).
Test Case '-[OuroMDTests.OuroMDUpdateCoordinatorTests testAutoUpdateCheckIsDefaultOnThrottledAndOncePerSession]' started.
Test Case '-[OuroMDTests.OuroMDUpdateCoordinatorTests testAutoUpdateCheckIsDefaultOnThrottledAndOncePerSession]' passed (0.004 seconds).
Test Case '-[OuroMDTests.OuroMDUpdateCoordinatorTests testAutoUpdateCheckSkipsWhenDisabled]' started.
Test Case '-[OuroMDTests.OuroMDUpdateCoordinatorTests testAutoUpdateCheckSkipsWhenDisabled]' passed (0.003 seconds).
Test Case '-[OuroMDTests.OuroMDUpdateCoordinatorTests testAutoUpdateDefaultsToEnabledAndPersistsOptOut]' started.
Test Case '-[OuroMDTests.OuroMDUpdateCoordinatorTests testAutoUpdateDefaultsToEnabledAndPersistsOptOut]' passed (0.003 seconds).
Test Case '-[OuroMDTests.OuroMDUpdateCoordinatorTests testAutoUpdateStagesInstallableUpdateInBackground]' started.
Test Case '-[OuroMDTests.OuroMDUpdateCoordinatorTests testAutoUpdateStagesInstallableUpdateInBackground]' passed (0.005 seconds).
Test Case '-[OuroMDTests.OuroMDUpdateCoordinatorTests testBadgeAndPromptUseCheckedReleaseWhenNoUpdateIsStaged]' started.
Test Case '-[OuroMDTests.OuroMDUpdateCoordinatorTests testBadgeAndPromptUseCheckedReleaseWhenNoUpdateIsStaged]' passed (0.002 seconds).
Test Case '-[OuroMDTests.OuroMDUpdateCoordinatorTests testCancelPendingManualInstallPreventsLaterApply]' started.
Test Case '-[OuroMDTests.OuroMDUpdateCoordinatorTests testCancelPendingManualInstallPreventsLaterApply]' passed (0.005 seconds).
Test Case '-[OuroMDTests.OuroMDUpdateCoordinatorTests testCheckedReleaseStateTakesPrecedenceOverLaunchInstalledState]' started.
Test Case '-[OuroMDTests.OuroMDUpdateCoordinatorTests testCheckedReleaseStateTakesPrecedenceOverLaunchInstalledState]' passed (0.005 seconds).
Test Case '-[OuroMDTests.OuroMDUpdateCoordinatorTests testDismissingNonInstallablePromptDoesNotEmitDeferredTelemetry]' started.
Test Case '-[OuroMDTests.OuroMDUpdateCoordinatorTests testDismissingNonInstallablePromptDoesNotEmitDeferredTelemetry]' passed (0.002 seconds).
Test Case '-[OuroMDTests.OuroMDUpdateCoordinatorTests testFailedStartedManualInstallCanRetryWithoutAnotherCheck]' started.
Test Case '-[OuroMDTests.OuroMDUpdateCoordinatorTests testFailedStartedManualInstallCanRetryWithoutAnotherCheck]' passed (0.033 seconds).
Test Case '-[OuroMDTests.OuroMDUpdateCoordinatorTests testLaunchVersionMemorySurfacesPostUpdateConfirmationOnceVersionChanges]' started.
Test Case '-[OuroMDTests.OuroMDUpdateCoordinatorTests testLaunchVersionMemorySurfacesPostUpdateConfirmationOnceVersionChanges]' passed (0.005 seconds).
Test Case '-[OuroMDTests.OuroMDUpdateCoordinatorTests testManualCheckAwaitsInFlightLaunchCheckBeforePrompting]' started.
Test Case '-[OuroMDTests.OuroMDUpdateCoordinatorTests testManualCheckAwaitsInFlightLaunchCheckBeforePrompting]' passed (0.004 seconds).
Test Case '-[OuroMDTests.OuroMDUpdateCoordinatorTests testManualCheckClearsPendingStageWhenReleaseIsNoLongerInstallable]' started.
Test Case '-[OuroMDTests.OuroMDUpdateCoordinatorTests testManualCheckClearsPendingStageWhenReleaseIsNoLongerInstallable]' passed (0.005 seconds).
Test Case '-[OuroMDTests.OuroMDUpdateCoordinatorTests testManualCheckPromptsInstallableCurrentAndUnavailableStates]' started.
Test Case '-[OuroMDTests.OuroMDUpdateCoordinatorTests testManualCheckPromptsInstallableCurrentAndUnavailableStates]' passed (0.005 seconds).
Test Case '-[OuroMDTests.OuroMDUpdateCoordinatorTests testManualCheckReportsMissingInstallableAssets]' started.
Test Case '-[OuroMDTests.OuroMDUpdateCoordinatorTests testManualCheckReportsMissingInstallableAssets]' passed (0.001 seconds).
Test Case '-[OuroMDTests.OuroMDUpdateCoordinatorTests testManualInstallExposesProgressWhileStageIsRunning]' started.
Test Case '-[OuroMDTests.OuroMDUpdateCoordinatorTests testManualInstallExposesProgressWhileStageIsRunning]' passed (0.003 seconds).
Test Case '-[OuroMDTests.OuroMDUpdateCoordinatorTests testManualInstallFailureSetsFailedPromptForAppObserver]' started.
Test Case '-[OuroMDTests.OuroMDUpdateCoordinatorTests testManualInstallFailureSetsFailedPromptForAppObserver]' passed (0.002 seconds).
Test Case '-[OuroMDTests.OuroMDUpdateCoordinatorTests testManualInstallOfPendingStageIsIdempotent]' started.
Test Case '-[OuroMDTests.OuroMDUpdateCoordinatorTests testManualInstallOfPendingStageIsIdempotent]' passed (0.029 seconds).
Test Case '-[OuroMDTests.OuroMDUpdateCoordinatorTests testManualInstallReportsPlannerFailure]' started.
Test Case '-[OuroMDTests.OuroMDUpdateCoordinatorTests testManualInstallReportsPlannerFailure]' passed (0.014 seconds).
Test Case '-[OuroMDTests.OuroMDUpdateCoordinatorTests testManualInstallReportsStagingProgressBeforeApplying]' started.
Test Case '-[OuroMDTests.OuroMDUpdateCoordinatorTests testManualInstallReportsStagingProgressBeforeApplying]' passed (0.028 seconds).
Test Case '-[OuroMDTests.OuroMDUpdateCoordinatorTests testManualInstallRequiresPriorCheck]' started.
Test Case '-[OuroMDTests.OuroMDUpdateCoordinatorTests testManualInstallRequiresPriorCheck]' passed (0.007 seconds).
Test Case '-[OuroMDTests.OuroMDUpdateCoordinatorTests testManualInstallRestagesWhenCheckedReleaseIsNewerThanPendingStage]' started.
Test Case '-[OuroMDTests.OuroMDUpdateCoordinatorTests testManualInstallRestagesWhenCheckedReleaseIsNewerThanPendingStage]' passed (0.010 seconds).
Test Case '-[OuroMDTests.OuroMDUpdateCoordinatorTests testManualInstallUsesAlreadyStagedUpdateAndSuppressesQuitApply]' started.
Test Case '-[OuroMDTests.OuroMDUpdateCoordinatorTests testManualInstallUsesAlreadyStagedUpdateAndSuppressesQuitApply]' passed (0.004 seconds).
Test Case '-[OuroMDTests.OuroMDUpdateCoordinatorTests testManualUpdateFailureTelemetryDoesNotLeakRawErrorDetails]' started.
Test Case '-[OuroMDTests.OuroMDUpdateCoordinatorTests testManualUpdateFailureTelemetryDoesNotLeakRawErrorDetails]' passed (0.002 seconds).
Test Case '-[OuroMDTests.OuroMDUpdateCoordinatorTests testManualUpdateFlowCapturesTelemetryWithoutRawErrorDetails]' started.
Test Case '-[OuroMDTests.OuroMDUpdateCoordinatorTests testManualUpdateFlowCapturesTelemetryWithoutRawErrorDetails]' passed (0.002 seconds).
Test Case '-[OuroMDTests.OuroMDUpdateCoordinatorTests testPromptDisplayHelpersAreUserFacing]' started.
Test Case '-[OuroMDTests.OuroMDUpdateCoordinatorTests testPromptDisplayHelpersAreUserFacing]' passed (0.000 seconds).
Test Case '-[OuroMDTests.OuroMDUpdateCoordinatorTests testPromptFallsBackToStagedVersionWhenLatestSnapshotIsNotInstallable]' started.
Test Case '-[OuroMDTests.OuroMDUpdateCoordinatorTests testPromptFallsBackToStagedVersionWhenLatestSnapshotIsNotInstallable]' passed (0.004 seconds).
Test Case '-[OuroMDTests.OuroMDUpdateCoordinatorTests testPromptPresentationBindingDismissesPrompt]' started.
Test Case '-[OuroMDTests.OuroMDUpdateCoordinatorTests testPromptPresentationBindingDismissesPrompt]' passed (0.002 seconds).
Test Case '-[OuroMDTests.OuroMDUpdateCoordinatorTests testReleaseMetadataFormatsPublishedDateAndNotesPreview]' started.
Test Case '-[OuroMDTests.OuroMDUpdateCoordinatorTests testReleaseMetadataFormatsPublishedDateAndNotesPreview]' passed (0.003 seconds).
Test Case '-[OuroMDTests.OuroMDUpdateCoordinatorTests testReleaseStatusLineCoversUncheckedCheckingCurrentAvailableAndUnavailableStates]' started.
Test Case '-[OuroMDTests.OuroMDUpdateCoordinatorTests testReleaseStatusLineCoversUncheckedCheckingCurrentAvailableAndUnavailableStates]' passed (0.001 seconds).
Test Case '-[OuroMDTests.OuroMDUpdateCoordinatorTests testStartedManualInstallCanCancelInFlightStageAndRetry]' started.
Test Case '-[OuroMDTests.OuroMDUpdateCoordinatorTests testStartedManualInstallCanCancelInFlightStageAndRetry]' passed (0.037 seconds).
Test Suite 'OuroMDUpdateCoordinatorTests' passed at 2026-06-30 18:10:58.722.
	 Executed 32 tests, with 0 failures (0 unexpected) in 0.261 (0.267) seconds
Test Suite 'OuroMDUpdateInstallerTests' started at 2026-06-30 18:10:58.723.
Test Case '-[OuroMDTests.OuroMDUpdateInstallerTests testApplyScriptDoesNotDeleteBackupBeforeDestinationShapeIsProven]' started.
Test Case '-[OuroMDTests.OuroMDUpdateInstallerTests testApplyScriptDoesNotDeleteBackupBeforeDestinationShapeIsProven]' passed (0.001 seconds).
Test Case '-[OuroMDTests.OuroMDUpdateInstallerTests testApplyScriptFailsFastAroundBackupInstallAndRollback]' started.
Test Case '-[OuroMDTests.OuroMDUpdateInstallerTests testApplyScriptFailsFastAroundBackupInstallAndRollback]' passed (0.000 seconds).
Test Case '-[OuroMDTests.OuroMDUpdateInstallerTests testApplyScriptRestoresBackupWhenReplacementIsNotAnAppBundle]' started.
Test Case '-[OuroMDTests.OuroMDUpdateInstallerTests testApplyScriptRestoresBackupWhenReplacementIsNotAnAppBundle]' passed (0.143 seconds).
Test Case '-[OuroMDTests.OuroMDUpdateInstallerTests testApplyScriptRestoresStaleBackupBeforeTryingNewInstall]' started.
ditto: Cannot get the real path for source '/var/folders/md/_fkq3wc92_z55cgtlrfrcfh40000gn/T/ouro-apply-stale-backup-E921E1CA-285F-4056-AE44-9E59BC3528DF/missing-staged/Ouro MD.app'
Test Case '-[OuroMDTests.OuroMDUpdateInstallerTests testApplyScriptRestoresStaleBackupBeforeTryingNewInstall]' passed (0.137 seconds).
Test Case '-[OuroMDTests.OuroMDUpdateInstallerTests testApplyScriptRunsInTemporaryDirectoryWithoutNestingUpdatedApp]' started.
Test Case '-[OuroMDTests.OuroMDUpdateInstallerTests testApplyScriptRunsInTemporaryDirectoryWithoutNestingUpdatedApp]' passed (0.297 seconds).
Test Case '-[OuroMDTests.OuroMDUpdateInstallerTests testInstallErrorDescriptionsAreUserReadable]' started.
Test Case '-[OuroMDTests.OuroMDUpdateInstallerTests testInstallErrorDescriptionsAreUserReadable]' passed (0.000 seconds).
Test Case '-[OuroMDTests.OuroMDUpdateInstallerTests testOneLineInstallerRollbackDoesNotSwallowRestoreFailure]' started.
Test Case '-[OuroMDTests.OuroMDUpdateInstallerTests testOneLineInstallerRollbackDoesNotSwallowRestoreFailure]' passed (0.001 seconds).
Test Case '-[OuroMDTests.OuroMDUpdateInstallerTests testStagePreservesInstallerErrorFromDataLoader]' started.
Test Case '-[OuroMDTests.OuroMDUpdateInstallerTests testStagePreservesInstallerErrorFromDataLoader]' passed (0.001 seconds).
Test Case '-[OuroMDTests.OuroMDUpdateInstallerTests testStageSucceedsAfterManifestArchiveExtractedBundleAndCodesignVerify]' started.
Test Case '-[OuroMDTests.OuroMDUpdateInstallerTests testStageSucceedsAfterManifestArchiveExtractedBundleAndCodesignVerify]' passed (0.009 seconds).
Test Case '-[OuroMDTests.OuroMDUpdateInstallerTests testStageThrowsOnArchiveNameMismatch]' started.
Test Case '-[OuroMDTests.OuroMDUpdateInstallerTests testStageThrowsOnArchiveNameMismatch]' passed (0.006 seconds).
Test Case '-[OuroMDTests.OuroMDUpdateInstallerTests testStageThrowsOnBundleIdentifierMismatch]' started.
Test Case '-[OuroMDTests.OuroMDUpdateInstallerTests testStageThrowsOnBundleIdentifierMismatch]' passed (0.001 seconds).
Test Case '-[OuroMDTests.OuroMDUpdateInstallerTests testStageThrowsOnByteCountMismatch]' started.
Test Case '-[OuroMDTests.OuroMDUpdateInstallerTests testStageThrowsOnByteCountMismatch]' passed (0.001 seconds).
Test Case '-[OuroMDTests.OuroMDUpdateInstallerTests testStageThrowsOnCodesignFailure]' started.
Test Case '-[OuroMDTests.OuroMDUpdateInstallerTests testStageThrowsOnCodesignFailure]' passed (0.003 seconds).
Test Case '-[OuroMDTests.OuroMDUpdateInstallerTests testStageThrowsOnManifestDecodeFailure]' started.
Test Case '-[OuroMDTests.OuroMDUpdateInstallerTests testStageThrowsOnManifestDecodeFailure]' passed (0.005 seconds).
Test Case '-[OuroMDTests.OuroMDUpdateInstallerTests testStageThrowsOnMissingStagedApp]' started.
Test Case '-[OuroMDTests.OuroMDUpdateInstallerTests testStageThrowsOnMissingStagedApp]' passed (0.006 seconds).
Test Case '-[OuroMDTests.OuroMDUpdateInstallerTests testStageThrowsOnNonNewerVersion]' started.
Test Case '-[OuroMDTests.OuroMDUpdateInstallerTests testStageThrowsOnNonNewerVersion]' passed (0.001 seconds).
Test Case '-[OuroMDTests.OuroMDUpdateInstallerTests testStageThrowsOnSHAMismatch]' started.
Test Case '-[OuroMDTests.OuroMDUpdateInstallerTests testStageThrowsOnSHAMismatch]' passed (0.001 seconds).
Test Case '-[OuroMDTests.OuroMDUpdateInstallerTests testStageThrowsOnStagedBundleIdentifierMismatch]' started.
Test Case '-[OuroMDTests.OuroMDUpdateInstallerTests testStageThrowsOnStagedBundleIdentifierMismatch]' passed (0.002 seconds).
Test Case '-[OuroMDTests.OuroMDUpdateInstallerTests testStageThrowsOnStagedVersionMismatch]' started.
Test Case '-[OuroMDTests.OuroMDUpdateInstallerTests testStageThrowsOnStagedVersionMismatch]' passed (0.001 seconds).
Test Case '-[OuroMDTests.OuroMDUpdateInstallerTests testStageThrowsOnUnzipFailureWithExitStatusFallback]' started.
Test Case '-[OuroMDTests.OuroMDUpdateInstallerTests testStageThrowsOnUnzipFailureWithExitStatusFallback]' passed (0.002 seconds).
Test Case '-[OuroMDTests.OuroMDUpdateInstallerTests testStageWrapsGenericDataLoaderFailureAsDownloadError]' started.
Test Case '-[OuroMDTests.OuroMDUpdateInstallerTests testStageWrapsGenericDataLoaderFailureAsDownloadError]' passed (0.002 seconds).
Test Suite 'OuroMDUpdateInstallerTests' passed at 2026-06-30 18:10:59.344.
	 Executed 21 tests, with 0 failures (0 unexpected) in 0.619 (0.621) seconds
Test Suite 'OuroMDUpdateTests' started at 2026-06-30 18:10:59.344.
Test Case '-[OuroMDTests.OuroMDUpdateTests testPlannerAcceptsOuroMDReleaseAssets]' started.
Test Case '-[OuroMDTests.OuroMDUpdateTests testPlannerAcceptsOuroMDReleaseAssets]' passed (0.001 seconds).
Test Case '-[OuroMDTests.OuroMDUpdateTests testPlannerRequiresHTTPSReleaseAssets]' started.
Test Case '-[OuroMDTests.OuroMDUpdateTests testPlannerRequiresHTTPSReleaseAssets]' passed (0.000 seconds).
Test Case '-[OuroMDTests.OuroMDUpdateTests testVerificationAcceptsNewerOuroMDManifest]' started.
Test Case '-[OuroMDTests.OuroMDUpdateTests testVerificationAcceptsNewerOuroMDManifest]' passed (0.000 seconds).
Test Case '-[OuroMDTests.OuroMDUpdateTests testVerificationIgnoresBuildIdentityForOuroMDReleases]' started.
Test Case '-[OuroMDTests.OuroMDUpdateTests testVerificationIgnoresBuildIdentityForOuroMDReleases]' passed (0.000 seconds).
Test Suite 'OuroMDUpdateTests' passed at 2026-06-30 18:10:59.346.
	 Executed 4 tests, with 0 failures (0 unexpected) in 0.001 (0.002) seconds
Test Suite 'OutlineTreeTests' started at 2026-06-30 18:10:59.346.
Test Case '-[OuroMDTests.OutlineTreeTests testHandlesLeadingDeepHeading]' started.
Test Case '-[OuroMDTests.OutlineTreeTests testHandlesLeadingDeepHeading]' passed (0.000 seconds).
Test Case '-[OuroMDTests.OutlineTreeTests testNestsByLevel]' started.
Test Case '-[OuroMDTests.OutlineTreeTests testNestsByLevel]' passed (0.000 seconds).
Test Suite 'OutlineTreeTests' passed at 2026-06-30 18:10:59.346.
	 Executed 2 tests, with 0 failures (0 unexpected) in 0.000 (0.000) seconds
Test Suite 'ReleaseUpdateTests' started at 2026-06-30 18:10:59.346.
Test Case '-[OuroMDTests.ReleaseUpdateTests testCheckerConstructionUsesOuroMDConfiguration]' started.
Test Case '-[OuroMDTests.ReleaseUpdateTests testCheckerConstructionUsesOuroMDConfiguration]' passed (0.000 seconds).
Test Case '-[OuroMDTests.ReleaseUpdateTests testCustomConfigurationFlowsIntoShellConfiguration]' started.
Test Case '-[OuroMDTests.ReleaseUpdateTests testCustomConfigurationFlowsIntoShellConfiguration]' passed (0.000 seconds).
Test Case '-[OuroMDTests.ReleaseUpdateTests testDefaultConfigurationTargetsStableOuroMDGitHubReleases]' started.
Test Case '-[OuroMDTests.ReleaseUpdateTests testDefaultConfigurationTargetsStableOuroMDGitHubReleases]' passed (0.000 seconds).
Test Case '-[OuroMDTests.ReleaseUpdateTests testReleaseDescriptorMatchesCurrentDistribution]' started.
Test Case '-[OuroMDTests.ReleaseUpdateTests testReleaseDescriptorMatchesCurrentDistribution]' passed (0.002 seconds).
Test Suite 'ReleaseUpdateTests' passed at 2026-06-30 18:10:59.349.
	 Executed 4 tests, with 0 failures (0 unexpected) in 0.003 (0.003) seconds
Test Suite 'TableLayoutPolicyTests' started at 2026-06-30 18:10:59.349.
Test Case '-[OuroMDTests.TableLayoutPolicyTests testEditorThemeLeftAlignsTablesAndCapsThemAtTheColumn]' started.
Test Case '-[OuroMDTests.TableLayoutPolicyTests testEditorThemeLeftAlignsTablesAndCapsThemAtTheColumn]' passed (0.006 seconds).
Test Case '-[OuroMDTests.TableLayoutPolicyTests testStandaloneThemeLeftAlignsTablesAndCapsThemAtTheColumn]' started.
Test Case '-[OuroMDTests.TableLayoutPolicyTests testStandaloneThemeLeftAlignsTablesAndCapsThemAtTheColumn]' passed (0.001 seconds).
Test Suite 'TableLayoutPolicyTests' passed at 2026-06-30 18:10:59.357.
	 Executed 2 tests, with 0 failures (0 unexpected) in 0.007 (0.007) seconds
Test Suite 'TerminationSaveCoordinatorTests' started at 2026-06-30 18:10:59.357.
Test Case '-[OuroMDTests.TerminationSaveCoordinatorTests testDefaultCancelHandlerIsSafeWhenSaveFails]' started.
Test Case '-[OuroMDTests.TerminationSaveCoordinatorTests testDefaultCancelHandlerIsSafeWhenSaveFails]' passed (0.001 seconds).
Test Case '-[OuroMDTests.TerminationSaveCoordinatorTests testRepliesFalseAndCancelsWhenAnySaveFails]' started.
Test Case '-[OuroMDTests.TerminationSaveCoordinatorTests testRepliesFalseAndCancelsWhenAnySaveFails]' passed (0.001 seconds).
Test Case '-[OuroMDTests.TerminationSaveCoordinatorTests testRepliesTrueImmediatelyWhenNothingIsDirty]' started.
Test Case '-[OuroMDTests.TerminationSaveCoordinatorTests testRepliesTrueImmediatelyWhenNothingIsDirty]' passed (0.001 seconds).
Test Case '-[OuroMDTests.TerminationSaveCoordinatorTests testRepliesTrueOnlyAfterAllSavesSucceed]' started.
Test Case '-[OuroMDTests.TerminationSaveCoordinatorTests testRepliesTrueOnlyAfterAllSavesSucceed]' passed (0.001 seconds).
Test Case '-[OuroMDTests.TerminationSaveCoordinatorTests testSaveFailureCancelsPendingManualUpdateBeforeQuitReply]' started.
Test Case '-[OuroMDTests.TerminationSaveCoordinatorTests testSaveFailureCancelsPendingManualUpdateBeforeQuitReply]' passed (0.002 seconds).
Test Case '-[OuroMDTests.TerminationSaveCoordinatorTests testTimeoutCancelsInsteadOfForcingQuit]' started.
Test Case '-[OuroMDTests.TerminationSaveCoordinatorTests testTimeoutCancelsInsteadOfForcingQuit]' passed (0.013 seconds).
Test Suite 'TerminationSaveCoordinatorTests' passed at 2026-06-30 18:10:59.376.
	 Executed 6 tests, with 0 failures (0 unexpected) in 0.018 (0.019) seconds
Test Suite 'ThemeAccessibilityTests' started at 2026-06-30 18:10:59.376.
Test Case '-[OuroMDTests.ThemeAccessibilityTests testBuiltInThemesMeetContrastForDocumentTextLinksAndSecondaryText]' started.
Test Case '-[OuroMDTests.ThemeAccessibilityTests testBuiltInThemesMeetContrastForDocumentTextLinksAndSecondaryText]' passed (0.002 seconds).
Test Case '-[OuroMDTests.ThemeAccessibilityTests testEditorThemesRespectReducedMotionForFocusMode]' started.
Test Case '-[OuroMDTests.ThemeAccessibilityTests testEditorThemesRespectReducedMotionForFocusMode]' passed (0.006 seconds).
Test Suite 'ThemeAccessibilityTests' passed at 2026-06-30 18:10:59.384.
	 Executed 2 tests, with 0 failures (0 unexpected) in 0.008 (0.008) seconds
Test Suite 'UndoRedoRoutingTests' started at 2026-06-30 18:10:59.385.
Test Case '-[OuroMDTests.UndoRedoRoutingTests testClearRecentDocumentsUsesInjectedHandler]' started.
Test Case '-[OuroMDTests.UndoRedoRoutingTests testClearRecentDocumentsUsesInjectedHandler]' passed (0.001 seconds).
Test Case '-[OuroMDTests.UndoRedoRoutingTests testCommandPaletteMenuUsesStandardSearchableActionShortcut]' started.
Test Case '-[OuroMDTests.UndoRedoRoutingTests testCommandPaletteMenuUsesStandardSearchableActionShortcut]' passed (0.007 seconds).
Test Case '-[OuroMDTests.UndoRedoRoutingTests testCommandYRedoUsesEditorFallbackWhenFocusIsInWebEditor]' started.
Test Case '-[OuroMDTests.UndoRedoRoutingTests testCommandYRedoUsesEditorFallbackWhenFocusIsInWebEditor]' passed (0.000 seconds).
Test Case '-[OuroMDTests.UndoRedoRoutingTests testHelpMenuSurfacesKeyboardShortcutsReference]' started.
Test Case '-[OuroMDTests.UndoRedoRoutingTests testHelpMenuSurfacesKeyboardShortcutsReference]' passed (0.002 seconds).
Test Case '-[OuroMDTests.UndoRedoRoutingTests testHelpMenuSurfacesVersionAndUpdateCommands]' started.
Test Case '-[OuroMDTests.UndoRedoRoutingTests testHelpMenuSurfacesVersionAndUpdateCommands]' passed (0.002 seconds).
Test Case '-[OuroMDTests.UndoRedoRoutingTests testMenuValidationChecksRecentItemsAndDefaults]' started.
Test Case '-[OuroMDTests.UndoRedoRoutingTests testMenuValidationChecksRecentItemsAndDefaults]' passed (0.001 seconds).
Test Case '-[OuroMDTests.UndoRedoRoutingTests testMenuValidationDisablesEditorOnlyCommandsWithoutAWindow]' started.
Test Case '-[OuroMDTests.UndoRedoRoutingTests testMenuValidationDisablesEditorOnlyCommandsWithoutAWindow]' passed (0.000 seconds).
Test Case '-[OuroMDTests.UndoRedoRoutingTests testMenuValidationKeepsGlobalCommandsEnabledWithoutAWindow]' started.
Test Case '-[OuroMDTests.UndoRedoRoutingTests testMenuValidationKeepsGlobalCommandsEnabledWithoutAWindow]' passed (0.000 seconds).
Test Case '-[OuroMDTests.UndoRedoRoutingTests testRecentMenuDelegateShowsEmptyStateFromInjectedProvider]' started.
Test Case '-[OuroMDTests.UndoRedoRoutingTests testRecentMenuDelegateShowsEmptyStateFromInjectedProvider]' passed (0.000 seconds).
Test Case '-[OuroMDTests.UndoRedoRoutingTests testRecentMenuDelegateUsesInjectedRecentProvider]' started.
Test Case '-[OuroMDTests.UndoRedoRoutingTests testRecentMenuDelegateUsesInjectedRecentProvider]' passed (0.000 seconds).
Test Case '-[OuroMDTests.UndoRedoRoutingTests testRedoDoesNotFallThroughWhenNativeTextViewHasEmptyStack]' started.
Test Case '-[OuroMDTests.UndoRedoRoutingTests testRedoDoesNotFallThroughWhenNativeTextViewHasEmptyStack]' passed (0.000 seconds).
Test Case '-[OuroMDTests.UndoRedoRoutingTests testShortcutMonitorHandlesNSApplicationSendEventBeforeMenuDispatch]' started.
Test Case '-[OuroMDTests.UndoRedoRoutingTests testShortcutMonitorHandlesNSApplicationSendEventBeforeMenuDispatch]' passed (0.052 seconds).
Test Case '-[OuroMDTests.UndoRedoRoutingTests testShortcutParserRecognizesMacUndoRedoKeystrokes]' started.
Test Case '-[OuroMDTests.UndoRedoRoutingTests testShortcutParserRecognizesMacUndoRedoKeystrokes]' passed (0.000 seconds).
Test Case '-[OuroMDTests.UndoRedoRoutingTests testShortcutParserRejectsModifiedNonUndoRedoKeystrokes]' started.
Test Case '-[OuroMDTests.UndoRedoRoutingTests testShortcutParserRejectsModifiedNonUndoRedoKeystrokes]' passed (0.000 seconds).
Test Case '-[OuroMDTests.UndoRedoRoutingTests testUndoAndRedoFallBackForTextViewsInsideWebView]' started.
Test Case '-[OuroMDTests.UndoRedoRoutingTests testUndoAndRedoFallBackForTextViewsInsideWebView]' passed (0.008 seconds).
Test Case '-[OuroMDTests.UndoRedoRoutingTests testUndoAndRedoFallBackWhenResponderIsNotNativeTextView]' started.
Test Case '-[OuroMDTests.UndoRedoRoutingTests testUndoAndRedoFallBackWhenResponderIsNotNativeTextView]' passed (0.000 seconds).
Test Case '-[OuroMDTests.UndoRedoRoutingTests testUndoAndRedoMenuItemsTargetNativeAppDelegateSelectors]' started.
Test Case '-[OuroMDTests.UndoRedoRoutingTests testUndoAndRedoMenuItemsTargetNativeAppDelegateSelectors]' passed (0.001 seconds).
Test Case '-[OuroMDTests.UndoRedoRoutingTests testUndoAndRedoUseNativeTextViewManagerWhenAvailable]' started.
Test Case '-[OuroMDTests.UndoRedoRoutingTests testUndoAndRedoUseNativeTextViewManagerWhenAvailable]' passed (0.000 seconds).
Test Case '-[OuroMDTests.UndoRedoRoutingTests testUndoDoesNotFallThroughWhenNativeTextViewHasEmptyStack]' started.
Test Case '-[OuroMDTests.UndoRedoRoutingTests testUndoDoesNotFallThroughWhenNativeTextViewHasEmptyStack]' passed (0.000 seconds).
Test Case '-[OuroMDTests.UndoRedoRoutingTests testViewSearchMenuTargetsSidebarSearch]' started.
Test Case '-[OuroMDTests.UndoRedoRoutingTests testViewSearchMenuTargetsSidebarSearch]' passed (0.001 seconds).
Test Suite 'UndoRedoRoutingTests' passed at 2026-06-30 18:10:59.464.
	 Executed 20 tests, with 0 failures (0 unexpected) in 0.078 (0.080) seconds
Test Suite 'ouro-mdPackageTests.xctest' passed at 2026-06-30 18:10:59.465.
	 Executed 236 tests, with 0 failures (0 unexpected) in 19.023 (19.058) seconds
Test Suite 'All tests' passed at 2026-06-30 18:10:59.465.
	 Executed 236 tests, with 0 failures (0 unexpected) in 19.023 (19.059) seconds
◇ Test run started.
↳ Testing Library Version: 1902
↳ Target Platform: arm64e-apple-macos14.0
✔ Test run with 0 tests in 0 suites passed after 0.001 seconds.

==> env HOME=/var/folders/md/_fkq3wc92_z55cgtlrfrcfh40000gn/T/tmp.NPaCszwsKh/work/_env/ouro-md-home CFFIXED_USER_HOME=/var/folders/md/_fkq3wc92_z55cgtlrfrcfh40000gn/T/tmp.NPaCszwsKh/work/_env/ouro-md-home TMPDIR=/var/folders/md/_fkq3wc92_z55cgtlrfrcfh40000gn/T/tmp.NPaCszwsKh/work/_env/ouro-md-tmp/ bash -lc /var/folders/md/_fkq3wc92_z55cgtlrfrcfh40000gn/T/tmp.NPaCszwsKh/work/ouro-md/.build/debug/ouro-md --uisurfacetest
    log: /var/folders/md/_fkq3wc92_z55cgtlrfrcfh40000gn/T/tmp.NPaCszwsKh/logs/ouro-md-12-env-HOME=-var-folders-md-_fkq3wc92_z55cgtlrfrcfh40000gn-T-tmp.NPaCszwsKh-work-_env-ouro-md-home-CFFIXED_USER_.log
preferences fitting size: 560.0x413.0 ✓
about fitting size: 520.0x520.0 ✓
search sidebar fitting size: 208.0x95.0 ✓
editor palette/status fitting size: 400.0x320.0 ✓
command reference fitting size: 560.0x620.0 ✓
status/palette semantic state: ✓
command discoverability semantic state: ✓
available update controls fitting size: 560.0x130.0 ✓
update progress fitting size: installing 400.0x131.0 failed 400.0x105.0 ✓
installing update review state: ✓
direct shell install suppressed; review prompt available: ✓
invalid regex visible state: ✓
search result row state: ✓
menu topology: ✓
accessibility labels: ✓

Downstream consumer compatibility ok (pinned refs): ouro-md
/var/folders/md/_fkq3wc92_z55cgtlrfrcfh40000gn/T/tmp.NPaCszwsKh/logs/ouro-md-9-Users-arimendelow-Projects-ouro-native-apple-app-shell-worker-third-app-scripts-shell-doctor.sh-repo-var-folde.log
===== /var/folders/md/_fkq3wc92_z55cgtlrfrcfh40000gn/T/tmp.NPaCszwsKh/logs/ouro-md-9-Users-arimendelow-Projects-ouro-native-apple-app-shell-worker-third-app-scripts-shell-doctor.sh-repo-var-folde.log
Shell doctor static checks ok: ouro-md (/private/var/folders/md/_fkq3wc92_z55cgtlrfrcfh40000gn/T/tmp.NPaCszwsKh/work/ouro-md)
  ok: Package.swift declares ouro-native-apple-app-shell dependency
  ok: Package.swift exposes OuroAppShellContract to a target
  ok: Package.swift exposes OuroAppShellConsumerTesting to a target
  ok: Sources declare a typed OuroAppShellContract
  ok: contract source includes requiredSurfaces
  ok: contract source includes OuroAppShellReleaseUpdateContract
  ok: contract source includes OuroAppShellAboutContract
  ok: contract source includes OuroAppShellCommandReferenceContract
  ok: contract source includes utilityWindows:
  ok: contract source includes OuroAppShellSettingsContract
  ok: Tests import OuroAppShellConsumerTesting
  ok: Tests assert the shell contract is valid
  ok: Tests assert the shell-first surface list
  ok: scripts/check-shell-boundary.sh is executable
  ok: boundary wrapper delegates to the shell scanner with --repo
  ok: scripts/check-shell-boundary.sh uses fail-fast shell mode
  ok: scripts/check-shell-dependency.sh is executable
  ok: scripts/pr-preflight.sh is executable
  ok: scripts/pr-preflight.sh uses fail-fast shell mode
  ok: scripts/pr-preflight.sh includes shell dependency freshness
  ok: scripts/pr-preflight.sh includes shell boundary selftest
  ok: scripts/pr-preflight.sh includes shell boundary scan
  note: Package.resolved pin check skipped for local path override
  note: control deck check skipped; run --strict-adoption for new-app scaffold validation
Shell boundary wrapper selftest ok: /var/folders/md/_fkq3wc92_z55cgtlrfrcfh40000gn/T/tmp.NPaCszwsKh/work/ouro-md
Shell boundary wrapper scan ok: /var/folders/md/_fkq3wc92_z55cgtlrfrcfh40000gn/T/tmp.NPaCszwsKh/work/ouro-md
Typed shell boundary scan ok: /private/var/folders/md/_fkq3wc92_z55cgtlrfrcfh40000gn/T/tmp.NPaCszwsKh/work/ouro-md
Shell boundary scan ok: /var/folders/md/_fkq3wc92_z55cgtlrfrcfh40000gn/T/tmp.NPaCszwsKh/work/ouro-md
Shell doctor ok: ouro-md (/var/folders/md/_fkq3wc92_z55cgtlrfrcfh40000gn/T/tmp.NPaCszwsKh/work/ouro-md)
/var/folders/md/_fkq3wc92_z55cgtlrfrcfh40000gn/T/tmp.NPaCszwsKh/logs/ouro-md-11-env-HOME=-var-folders-md-_fkq3wc92_z55cgtlrfrcfh40000gn-T-tmp.NPaCszwsKh-work-_env-ouro-md-home-CFFIXED_USER_.log
===== /var/folders/md/_fkq3wc92_z55cgtlrfrcfh40000gn/T/tmp.NPaCszwsKh/logs/ouro-md-11-env-HOME=-var-folders-md-_fkq3wc92_z55cgtlrfrcfh40000gn-T-tmp.NPaCszwsKh-work-_env-ouro-md-home-CFFIXED_USER_.log
Test Case '-[OuroMDTests.UndoRedoRoutingTests testMenuValidationChecksRecentItemsAndDefaults]' started.
Test Case '-[OuroMDTests.UndoRedoRoutingTests testMenuValidationChecksRecentItemsAndDefaults]' passed (0.001 seconds).
Test Case '-[OuroMDTests.UndoRedoRoutingTests testMenuValidationDisablesEditorOnlyCommandsWithoutAWindow]' started.
Test Case '-[OuroMDTests.UndoRedoRoutingTests testMenuValidationDisablesEditorOnlyCommandsWithoutAWindow]' passed (0.000 seconds).
Test Case '-[OuroMDTests.UndoRedoRoutingTests testMenuValidationKeepsGlobalCommandsEnabledWithoutAWindow]' started.
Test Case '-[OuroMDTests.UndoRedoRoutingTests testMenuValidationKeepsGlobalCommandsEnabledWithoutAWindow]' passed (0.000 seconds).
Test Case '-[OuroMDTests.UndoRedoRoutingTests testRecentMenuDelegateShowsEmptyStateFromInjectedProvider]' started.
Test Case '-[OuroMDTests.UndoRedoRoutingTests testRecentMenuDelegateShowsEmptyStateFromInjectedProvider]' passed (0.000 seconds).
Test Case '-[OuroMDTests.UndoRedoRoutingTests testRecentMenuDelegateUsesInjectedRecentProvider]' started.
Test Case '-[OuroMDTests.UndoRedoRoutingTests testRecentMenuDelegateUsesInjectedRecentProvider]' passed (0.000 seconds).
Test Case '-[OuroMDTests.UndoRedoRoutingTests testRedoDoesNotFallThroughWhenNativeTextViewHasEmptyStack]' started.
Test Case '-[OuroMDTests.UndoRedoRoutingTests testRedoDoesNotFallThroughWhenNativeTextViewHasEmptyStack]' passed (0.000 seconds).
Test Case '-[OuroMDTests.UndoRedoRoutingTests testShortcutMonitorHandlesNSApplicationSendEventBeforeMenuDispatch]' started.
Test Case '-[OuroMDTests.UndoRedoRoutingTests testShortcutMonitorHandlesNSApplicationSendEventBeforeMenuDispatch]' passed (0.052 seconds).
Test Case '-[OuroMDTests.UndoRedoRoutingTests testShortcutParserRecognizesMacUndoRedoKeystrokes]' started.
Test Case '-[OuroMDTests.UndoRedoRoutingTests testShortcutParserRecognizesMacUndoRedoKeystrokes]' passed (0.000 seconds).
Test Case '-[OuroMDTests.UndoRedoRoutingTests testShortcutParserRejectsModifiedNonUndoRedoKeystrokes]' started.
Test Case '-[OuroMDTests.UndoRedoRoutingTests testShortcutParserRejectsModifiedNonUndoRedoKeystrokes]' passed (0.000 seconds).
Test Case '-[OuroMDTests.UndoRedoRoutingTests testUndoAndRedoFallBackForTextViewsInsideWebView]' started.
Test Case '-[OuroMDTests.UndoRedoRoutingTests testUndoAndRedoFallBackForTextViewsInsideWebView]' passed (0.008 seconds).
Test Case '-[OuroMDTests.UndoRedoRoutingTests testUndoAndRedoFallBackWhenResponderIsNotNativeTextView]' started.
Test Case '-[OuroMDTests.UndoRedoRoutingTests testUndoAndRedoFallBackWhenResponderIsNotNativeTextView]' passed (0.000 seconds).
Test Case '-[OuroMDTests.UndoRedoRoutingTests testUndoAndRedoMenuItemsTargetNativeAppDelegateSelectors]' started.
Test Case '-[OuroMDTests.UndoRedoRoutingTests testUndoAndRedoMenuItemsTargetNativeAppDelegateSelectors]' passed (0.001 seconds).
Test Case '-[OuroMDTests.UndoRedoRoutingTests testUndoAndRedoUseNativeTextViewManagerWhenAvailable]' started.
Test Case '-[OuroMDTests.UndoRedoRoutingTests testUndoAndRedoUseNativeTextViewManagerWhenAvailable]' passed (0.000 seconds).
Test Case '-[OuroMDTests.UndoRedoRoutingTests testUndoDoesNotFallThroughWhenNativeTextViewHasEmptyStack]' started.
Test Case '-[OuroMDTests.UndoRedoRoutingTests testUndoDoesNotFallThroughWhenNativeTextViewHasEmptyStack]' passed (0.000 seconds).
Test Case '-[OuroMDTests.UndoRedoRoutingTests testViewSearchMenuTargetsSidebarSearch]' started.
Test Case '-[OuroMDTests.UndoRedoRoutingTests testViewSearchMenuTargetsSidebarSearch]' passed (0.001 seconds).
Test Suite 'UndoRedoRoutingTests' passed at 2026-06-30 18:10:59.464.
	 Executed 20 tests, with 0 failures (0 unexpected) in 0.078 (0.080) seconds
Test Suite 'ouro-mdPackageTests.xctest' passed at 2026-06-30 18:10:59.465.
	 Executed 236 tests, with 0 failures (0 unexpected) in 19.023 (19.058) seconds
Test Suite 'All tests' passed at 2026-06-30 18:10:59.465.
	 Executed 236 tests, with 0 failures (0 unexpected) in 19.023 (19.059) seconds
◇ Test run started.
↳ Testing Library Version: 1902
↳ Target Platform: arm64e-apple-macos14.0
✔ Test run with 0 tests in 0 suites passed after 0.001 seconds.
/var/folders/md/_fkq3wc92_z55cgtlrfrcfh40000gn/T/tmp.NPaCszwsKh/logs/ouro-md-5-git-C-var-folders-md-_fkq3wc92_z55cgtlrfrcfh40000gn-T-tmp.NPaCszwsKh-work-ouro-md-reset-hard-FETCH_HEAD.log
===== /var/folders/md/_fkq3wc92_z55cgtlrfrcfh40000gn/T/tmp.NPaCszwsKh/logs/ouro-md-5-git-C-var-folders-md-_fkq3wc92_z55cgtlrfrcfh40000gn-T-tmp.NPaCszwsKh-work-ouro-md-reset-hard-FETCH_HEAD.log
HEAD is now at 97681aa Add release API fallback to release policy
/var/folders/md/_fkq3wc92_z55cgtlrfrcfh40000gn/T/tmp.NPaCszwsKh/logs/ouro-md-6-git-C-var-folders-md-_fkq3wc92_z55cgtlrfrcfh40000gn-T-tmp.NPaCszwsKh-work-ouro-md-clean-fdx.log
===== /var/folders/md/_fkq3wc92_z55cgtlrfrcfh40000gn/T/tmp.NPaCszwsKh/logs/ouro-md-6-git-C-var-folders-md-_fkq3wc92_z55cgtlrfrcfh40000gn-T-tmp.NPaCszwsKh-work-ouro-md-clean-fdx.log
/var/folders/md/_fkq3wc92_z55cgtlrfrcfh40000gn/T/tmp.NPaCszwsKh/logs/ouro-md-3-git-C-var-folders-md-_fkq3wc92_z55cgtlrfrcfh40000gn-T-tmp.NPaCszwsKh-work-ouro-md-fetch-depth-1-origin-97681aa.log
===== /var/folders/md/_fkq3wc92_z55cgtlrfrcfh40000gn/T/tmp.NPaCszwsKh/logs/ouro-md-3-git-C-var-folders-md-_fkq3wc92_z55cgtlrfrcfh40000gn-T-tmp.NPaCszwsKh-work-ouro-md-fetch-depth-1-origin-97681aa.log
From https://github.com/ourostack/ouro-md
 * branch            97681aa703d364abb090b1f42228d4e1ea34e8ce -> FETCH_HEAD
/var/folders/md/_fkq3wc92_z55cgtlrfrcfh40000gn/T/tmp.NPaCszwsKh/logs/ouro-md-10-env-HOME=-var-folders-md-_fkq3wc92_z55cgtlrfrcfh40000gn-T-tmp.NPaCszwsKh-work-_env-ouro-md-home-CFFIXED_USER_.log
===== /var/folders/md/_fkq3wc92_z55cgtlrfrcfh40000gn/T/tmp.NPaCszwsKh/logs/ouro-md-10-env-HOME=-var-folders-md-_fkq3wc92_z55cgtlrfrcfh40000gn-T-tmp.NPaCszwsKh-work-_env-ouro-md-home-CFFIXED_USER_.log
[159/197] Compiling OuroMD WrapGlueProbe.swift
[160/197] Compiling OuroMD WrapTest.swift
[161/197] Compiling OuroMD main.swift
[162/197] Compiling OuroMD resource_bundle_accessor.swift
[163/197] Compiling OuroMD ReleaseUpdate.swift
[164/197] Compiling OuroMD ReloadRenderTest.swift
[165/197] Compiling OuroMD RenderProbe.swift
[166/197] Compiling OuroMD RoundTrip.swift
[167/197] Compiling OuroMD SearchRevealTest.swift
[168/197] Compiling OuroMD SelectionBlurTest.swift
[169/197] Compiling OuroMD Sidebar.swift
[170/197] Compiling OuroMD Snapshot.swift
[171/197] Compiling OuroMD TableWrapTest.swift
[172/197] Compiling OuroMD TerminationSaveCoordinator.swift
[173/197] Compiling OuroMD Themes.swift
[174/197] Compiling OuroMD UISurfaceTest.swift
[175/197] Compiling OuroMD UndoRedoCommandRouter.swift
[176/197] Compiling OuroMD UndoTest.swift
[177/197] Compiling OuroMD VisualQATest.swift
[178/197] Compiling OuroMD OuroMDUpdate.swift
[179/197] Compiling OuroMD OuroMDUpdateCoordinator.swift
[180/197] Compiling OuroMD OuroMDUpdateInstaller.swift
[181/197] Compiling OuroMD OuroResources.swift
[182/197] Compiling OuroMD PerformanceProbe.swift
[183/197] Compiling OuroMD CodeWrapTest.swift
[184/197] Compiling OuroMD ContentSearcher.swift
[185/197] Compiling OuroMD ContentView.swift
[186/197] Compiling OuroMD CopyFlavorTest.swift
[187/197] Compiling OuroMD DarkDiagramTest.swift
[188/197] Compiling OuroMD DocumentWindowController.swift
[189/197] Compiling OuroMD AccessibilityAuditTest.swift
[190/197] Compiling OuroMD AlertMarkerTest.swift
[191/197] Compiling OuroMD AppDelegate.swift
[192/197] Compiling OuroMD AppInfoView.swift
[193/197] Compiling OuroMD AppModel.swift
[194/197] Compiling OuroMD CLI.swift
[194/197] Write Objects.LinkFileList
[195/197] Linking ouro-md
[196/197] Applying ouro-md
Build complete! (83.00s)
/var/folders/md/_fkq3wc92_z55cgtlrfrcfh40000gn/T/tmp.NPaCszwsKh/logs/ouro-md-2-git-C-var-folders-md-_fkq3wc92_z55cgtlrfrcfh40000gn-T-tmp.NPaCszwsKh-work-ouro-md-remote-add-origin-https-gith.log
===== /var/folders/md/_fkq3wc92_z55cgtlrfrcfh40000gn/T/tmp.NPaCszwsKh/logs/ouro-md-2-git-C-var-folders-md-_fkq3wc92_z55cgtlrfrcfh40000gn-T-tmp.NPaCszwsKh-work-ouro-md-remote-add-origin-https-gith.log
/var/folders/md/_fkq3wc92_z55cgtlrfrcfh40000gn/T/tmp.NPaCszwsKh/logs/ouro-md-8-bash-c-swift-package-package-path-1-show-dependencies-grep-Fq-2-_-var-folders-md-_fkq3wc92_z55cgtlrfrcfh40000g.log
===== /var/folders/md/_fkq3wc92_z55cgtlrfrcfh40000gn/T/tmp.NPaCszwsKh/logs/ouro-md-8-bash-c-swift-package-package-path-1-show-dependencies-grep-Fq-2-_-var-folders-md-_fkq3wc92_z55cgtlrfrcfh40000g.log
/var/folders/md/_fkq3wc92_z55cgtlrfrcfh40000gn/T/tmp.NPaCszwsKh/logs/ouro-md-1-git-C-var-folders-md-_fkq3wc92_z55cgtlrfrcfh40000gn-T-tmp.NPaCszwsKh-work-ouro-md-init.log
===== /var/folders/md/_fkq3wc92_z55cgtlrfrcfh40000gn/T/tmp.NPaCszwsKh/logs/ouro-md-1-git-C-var-folders-md-_fkq3wc92_z55cgtlrfrcfh40000gn-T-tmp.NPaCszwsKh-work-ouro-md-init.log
Initialized empty Git repository in /private/var/folders/md/_fkq3wc92_z55cgtlrfrcfh40000gn/T/tmp.NPaCszwsKh/work/ouro-md/.git/
/var/folders/md/_fkq3wc92_z55cgtlrfrcfh40000gn/T/tmp.NPaCszwsKh/logs/ouro-md-4-git-C-var-folders-md-_fkq3wc92_z55cgtlrfrcfh40000gn-T-tmp.NPaCszwsKh-work-ouro-md-checkout-detach-FETCH_HEAD.log
===== /var/folders/md/_fkq3wc92_z55cgtlrfrcfh40000gn/T/tmp.NPaCszwsKh/logs/ouro-md-4-git-C-var-folders-md-_fkq3wc92_z55cgtlrfrcfh40000gn-T-tmp.NPaCszwsKh-work-ouro-md-checkout-detach-FETCH_HEAD.log
HEAD is now at 97681aa Add release API fallback to release policy
/var/folders/md/_fkq3wc92_z55cgtlrfrcfh40000gn/T/tmp.NPaCszwsKh/logs/ouro-md-12-env-HOME=-var-folders-md-_fkq3wc92_z55cgtlrfrcfh40000gn-T-tmp.NPaCszwsKh-work-_env-ouro-md-home-CFFIXED_USER_.log
===== /var/folders/md/_fkq3wc92_z55cgtlrfrcfh40000gn/T/tmp.NPaCszwsKh/logs/ouro-md-12-env-HOME=-var-folders-md-_fkq3wc92_z55cgtlrfrcfh40000gn-T-tmp.NPaCszwsKh-work-_env-ouro-md-home-CFFIXED_USER_.log
preferences fitting size: 560.0x413.0 ✓
about fitting size: 520.0x520.0 ✓
search sidebar fitting size: 208.0x95.0 ✓
editor palette/status fitting size: 400.0x320.0 ✓
command reference fitting size: 560.0x620.0 ✓
status/palette semantic state: ✓
command discoverability semantic state: ✓
available update controls fitting size: 560.0x130.0 ✓
update progress fitting size: installing 400.0x131.0 failed 400.0x105.0 ✓
installing update review state: ✓
direct shell install suppressed; review prompt available: ✓
invalid regex visible state: ✓
search result row state: ✓
menu topology: ✓
accessibility labels: ✓
/var/folders/md/_fkq3wc92_z55cgtlrfrcfh40000gn/T/tmp.NPaCszwsKh/logs/ouro-md-7-swift-package-package-path-var-folders-md-_fkq3wc92_z55cgtlrfrcfh40000gn-T-tmp.NPaCszwsKh-work-ouro-md-resolve.log
===== /var/folders/md/_fkq3wc92_z55cgtlrfrcfh40000gn/T/tmp.NPaCszwsKh/logs/ouro-md-7-swift-package-package-path-var-folders-md-_fkq3wc92_z55cgtlrfrcfh40000gn-T-tmp.NPaCszwsKh-work-ouro-md-resolve.log
Fetching https://github.com/apple/swift-markdown.git from cache
Fetched https://github.com/apple/swift-markdown.git from cache (0.41s)
Fetching https://github.com/swiftlang/swift-cmark.git from cache
Fetched https://github.com/swiftlang/swift-cmark.git from cache (0.44s)
Fetching https://github.com/ourostack/ouro-native-apple-app-shell.git from cache
Creating working copy for https://github.com/apple/swift-markdown.git
Fetched https://github.com/ourostack/ouro-native-apple-app-shell.git from cache (0.51s)
Working copy of https://github.com/apple/swift-markdown.git resolved at main (4661b55)
Creating working copy for https://github.com/swiftlang/swift-cmark.git
Working copy of https://github.com/swiftlang/swift-cmark.git resolved at gfm (0101bf2)
